{"/home/travis/build/npmtest/node-npmtest-bem/test.js":{"path":"/home/travis/build/npmtest/node-npmtest-bem/test.js","s":{"1":2,"2":2,"3":2,"4":2,"5":2,"6":2,"7":2,"8":1,"9":2,"10":2,"11":1,"12":1,"13":1,"14":1,"15":2,"16":2,"17":2,"18":2,"19":1,"20":1,"21":2,"22":2,"23":2,"24":1,"25":1,"26":1,"27":1,"28":1,"29":1,"30":1,"31":1,"32":1,"33":1,"34":1,"35":1,"36":1,"37":1,"38":1,"39":2,"40":2,"41":1,"42":2,"43":2,"44":1,"45":2,"46":2,"47":1,"48":2,"49":2,"50":1,"51":1,"52":1,"53":1,"54":1},"b":{"1":[2,1,1,1],"2":[1,1,1,1],"3":[1,1],"4":[1,1],"5":[1,1],"6":[1,1],"7":[1,1],"8":[1,1],"9":[1,1],"10":[1,1,1],"11":[1,1],"12":[1,1],"13":[1,1],"14":[1,1],"15":[1,1],"16":[1,1],"17":[1,1]},"f":{"1":2,"2":2,"3":2,"4":2,"5":2,"6":1,"7":1,"8":1,"9":2,"10":2,"11":2,"12":2,"13":1},"fnMap":{"1":{"name":"(anonymous_1)","line":12,"loc":{"start":{"line":12,"column":1},"end":{"line":12,"column":13}}},"2":{"name":"(anonymous_2)","line":19,"loc":{"start":{"line":19,"column":5},"end":{"line":19,"column":17}}},"3":{"name":"(anonymous_3)","line":23,"loc":{"start":{"line":23,"column":24},"end":{"line":23,"column":36}}},"4":{"name":"(anonymous_4)","line":61,"loc":{"start":{"line":61,"column":5},"end":{"line":61,"column":17}}},"5":{"name":"(anonymous_5)","line":82,"loc":{"start":{"line":82,"column":5},"end":{"line":82,"column":17}}},"6":{"name":"(anonymous_6)","line":91,"loc":{"start":{"line":91,"column":77},"end":{"line":94,"column":10}}},"7":{"name":"(anonymous_7)","line":112,"loc":{"start":{"line":112,"column":83},"end":{"line":115,"column":10}},"skip":true},"8":{"name":"(anonymous_8)","line":123,"loc":{"start":{"line":123,"column":77},"end":{"line":126,"column":10}},"skip":true},"9":{"name":"(anonymous_9)","line":139,"loc":{"start":{"line":139,"column":12},"end":{"line":139,"column":40}},"skip":true},"10":{"name":"(anonymous_10)","line":147,"loc":{"start":{"line":147,"column":77},"end":{"line":150,"column":10}},"skip":true},"11":{"name":"(anonymous_11)","line":158,"loc":{"start":{"line":158,"column":83},"end":{"line":161,"column":10}},"skip":true},"12":{"name":"(anonymous_12)","line":169,"loc":{"start":{"line":169,"column":79},"end":{"line":172,"column":10}},"skip":true},"13":{"name":"(anonymous_13)","line":180,"loc":{"start":{"line":180,"column":75},"end":{"line":183,"column":10}},"skip":true}},"statementMap":{"1":{"start":{"line":12,"column":0},"end":{"line":195,"column":5}},"2":{"start":{"line":14,"column":4},"end":{"line":14,"column":14}},"3":{"start":{"line":19,"column":4},"end":{"line":56,"column":9}},"4":{"start":{"line":21,"column":8},"end":{"line":21,"column":19}},"5":{"start":{"line":23,"column":8},"end":{"line":35,"column":13}},"6":{"start":{"line":24,"column":12},"end":{"line":34,"column":13}},"7":{"start":{"line":25,"column":16},"end":{"line":28,"column":30}},"8":{"start":{"line":30,"column":16},"end":{"line":33,"column":27}},"9":{"start":{"line":37,"column":8},"end":{"line":39,"column":21}},"10":{"start":{"line":40,"column":8},"end":{"line":53,"column":9}},"11":{"start":{"line":43,"column":12},"end":{"line":46,"column":14}},"12":{"start":{"line":47,"column":12},"end":{"line":47,"column":18}},"13":{"start":{"line":50,"column":12},"end":{"line":51,"column":33}},"14":{"start":{"line":52,"column":12},"end":{"line":52,"column":18}},"15":{"start":{"line":55,"column":8},"end":{"line":55,"column":35}},"16":{"start":{"line":61,"column":4},"end":{"line":63,"column":9}},"17":{"start":{"line":62,"column":8},"end":{"line":62,"column":15}},"18":{"start":{"line":64,"column":4},"end":{"line":77,"column":5}},"19":{"start":{"line":70,"column":8},"end":{"line":70,"column":14}},"20":{"start":{"line":76,"column":8},"end":{"line":76,"column":14}},"21":{"start":{"line":82,"column":4},"end":{"line":84,"column":9}},"22":{"start":{"line":83,"column":8},"end":{"line":83,"column":15}},"23":{"start":{"line":85,"column":4},"end":{"line":194,"column":5}},"24":{"start":{"line":91,"column":8},"end":{"line":99,"column":10}},"25":{"start":{"line":98,"column":12},"end":{"line":98,"column":35}},"26":{"start":{"line":102,"column":8},"end":{"line":104,"column":63}},"27":{"start":{"line":105,"column":8},"end":{"line":105,"column":14}},"28":{"start":{"line":112,"column":8},"end":{"line":121,"column":10},"skip":true},"29":{"start":{"line":119,"column":12},"end":{"line":119,"column":55},"skip":true},"30":{"start":{"line":120,"column":12},"end":{"line":120,"column":48},"skip":true},"31":{"start":{"line":123,"column":8},"end":{"line":136,"column":10},"skip":true},"32":{"start":{"line":130,"column":12},"end":{"line":130,"column":76},"skip":true},"33":{"start":{"line":131,"column":12},"end":{"line":131,"column":73},"skip":true},"34":{"start":{"line":132,"column":12},"end":{"line":132,"column":74},"skip":true},"35":{"start":{"line":133,"column":12},"end":{"line":133,"column":79},"skip":true},"36":{"start":{"line":134,"column":12},"end":{"line":134,"column":25},"skip":true},"37":{"start":{"line":135,"column":12},"end":{"line":135,"column":45},"skip":true},"38":{"start":{"line":138,"column":8},"end":{"line":145,"column":14},"skip":true},"39":{"start":{"line":143,"column":16},"end":{"line":143,"column":29},"skip":true},"40":{"start":{"line":144,"column":16},"end":{"line":144,"column":55},"skip":true},"41":{"start":{"line":147,"column":8},"end":{"line":156,"column":10},"skip":true},"42":{"start":{"line":154,"column":12},"end":{"line":154,"column":25},"skip":true},"43":{"start":{"line":155,"column":12},"end":{"line":155,"column":45},"skip":true},"44":{"start":{"line":158,"column":8},"end":{"line":167,"column":10},"skip":true},"45":{"start":{"line":165,"column":12},"end":{"line":165,"column":25},"skip":true},"46":{"start":{"line":166,"column":12},"end":{"line":166,"column":48},"skip":true},"47":{"start":{"line":169,"column":8},"end":{"line":178,"column":10},"skip":true},"48":{"start":{"line":176,"column":12},"end":{"line":176,"column":25},"skip":true},"49":{"start":{"line":177,"column":12},"end":{"line":177,"column":46},"skip":true},"50":{"start":{"line":180,"column":8},"end":{"line":189,"column":10},"skip":true},"51":{"start":{"line":187,"column":12},"end":{"line":187,"column":94},"skip":true},"52":{"start":{"line":188,"column":12},"end":{"line":188,"column":48},"skip":true},"53":{"start":{"line":192,"column":8},"end":{"line":192,"column":35},"skip":true},"54":{"start":{"line":193,"column":8},"end":{"line":193,"column":14},"skip":true}},"branchMap":{"1":{"line":25,"type":"binary-expr","locations":[{"start":{"line":25,"column":23},"end":{"line":25,"column":62}},{"start":{"line":26,"column":20},"end":{"line":26,"column":70}},{"start":{"line":27,"column":20},"end":{"line":27,"column":71}},{"start":{"line":28,"column":20},"end":{"line":28,"column":29}}]},"2":{"line":30,"type":"binary-expr","locations":[{"start":{"line":30,"column":23},"end":{"line":30,"column":37}},{"start":{"line":31,"column":20},"end":{"line":31,"column":61}},{"start":{"line":32,"column":20},"end":{"line":32,"column":70}},{"start":{"line":33,"column":20},"end":{"line":33,"column":26}}]},"3":{"line":37,"type":"cond-expr","locations":[{"start":{"line":38,"column":14},"end":{"line":38,"column":20}},{"start":{"line":39,"column":14},"end":{"line":39,"column":20}}]},"4":{"line":40,"type":"switch","locations":[{"start":{"line":42,"column":8},"end":{"line":47,"column":18}},{"start":{"line":49,"column":8},"end":{"line":52,"column":18}}]},"5":{"line":44,"type":"binary-expr","locations":[{"start":{"line":44,"column":16},"end":{"line":44,"column":44}},{"start":{"line":44,"column":48},"end":{"line":44,"column":66}}]},"6":{"line":50,"type":"binary-expr","locations":[{"start":{"line":50,"column":21},"end":{"line":50,"column":49}},{"start":{"line":50,"column":53},"end":{"line":50,"column":72}}]},"7":{"line":64,"type":"switch","locations":[{"start":{"line":69,"column":4},"end":{"line":70,"column":14}},{"start":{"line":75,"column":4},"end":{"line":76,"column":14}}]},"8":{"line":85,"type":"switch","locations":[{"start":{"line":90,"column":4},"end":{"line":105,"column":14}},{"start":{"line":111,"column":4},"end":{"line":193,"column":14},"skip":true}]},"9":{"line":91,"type":"binary-expr","locations":[{"start":{"line":91,"column":42},"end":{"line":91,"column":73}},{"start":{"line":91,"column":77},"end":{"line":99,"column":9}}]},"10":{"line":102,"type":"binary-expr","locations":[{"start":{"line":102,"column":18},"end":{"line":102,"column":32}},{"start":{"line":103,"column":12},"end":{"line":103,"column":53}},{"start":{"line":104,"column":12},"end":{"line":104,"column":61}}]},"11":{"line":112,"type":"binary-expr","locations":[{"start":{"line":112,"column":45},"end":{"line":112,"column":79},"skip":true},{"start":{"line":112,"column":83},"end":{"line":121,"column":9},"skip":true}]},"12":{"line":123,"type":"binary-expr","locations":[{"start":{"line":123,"column":42},"end":{"line":123,"column":73},"skip":true},{"start":{"line":123,"column":77},"end":{"line":136,"column":9},"skip":true}]},"13":{"line":138,"type":"binary-expr","locations":[{"start":{"line":138,"column":48},"end":{"line":138,"column":85},"skip":true},{"start":{"line":139,"column":12},"end":{"line":145,"column":13},"skip":true}]},"14":{"line":147,"type":"binary-expr","locations":[{"start":{"line":147,"column":42},"end":{"line":147,"column":73},"skip":true},{"start":{"line":147,"column":77},"end":{"line":156,"column":9},"skip":true}]},"15":{"line":158,"type":"binary-expr","locations":[{"start":{"line":158,"column":45},"end":{"line":158,"column":79},"skip":true},{"start":{"line":158,"column":83},"end":{"line":167,"column":9},"skip":true}]},"16":{"line":169,"type":"binary-expr","locations":[{"start":{"line":169,"column":43},"end":{"line":169,"column":75},"skip":true},{"start":{"line":169,"column":79},"end":{"line":178,"column":9},"skip":true}]},"17":{"line":180,"type":"binary-expr","locations":[{"start":{"line":180,"column":41},"end":{"line":180,"column":71},"skip":true},{"start":{"line":180,"column":75},"end":{"line":189,"column":9},"skip":true}]}},"code":["/* istanbul instrument in package npmtest_bem */","/*jslint","    bitwise: true,","    browser: true,","    maxerr: 8,","    maxlen: 96,","    node: true,","    nomen: true,","    regexp: true,","    stupid: true","*/","(function () {","    'use strict';","    var local;","","","","    // run shared js-env code - pre-init","    (function () {","        // init local","        local = {};","        // init modeJs","        local.modeJs = (function () {","            try {","                return typeof navigator.userAgent === 'string' &&","                    typeof document.querySelector('body') === 'object' &&","                    typeof XMLHttpRequest.prototype.open === 'function' &&","                    'browser';","            } catch (errorCaughtBrowser) {","                return module.exports &&","                    typeof process.versions.node === 'string' &&","                    typeof require('http').createServer === 'function' &&","                    'node';","            }","        }());","        // init global","        local.global = local.modeJs === 'browser'","            ? window","            : global;","        switch (local.modeJs) {","        // re-init local from window.local","        case 'browser':","            local = local.global.utility2.objectSetDefault(","                local.global.utility2_rollup || local.global.local,","                local.global.utility2","            );","            break;","        // re-init local from example.js","        case 'node':","            local = (local.global.utility2_rollup || require('utility2'))","                .requireReadme();","            break;","        }","        // export local","        local.global.local = local;","    }());","","","","    // run shared js-env code - function","    (function () {","        return;","    }());","    switch (local.modeJs) {","","","","    // run browser js-env code - function","    case 'browser':","        break;","","","","    // run node js-env code - function","    case 'node':","        break;","    }","","","","    // run shared js-env code - post-init","    (function () {","        return;","    }());","    switch (local.modeJs) {","","","","    // run browser js-env code - post-init","    case 'browser':","        local.testCase_browser_nullCase = local.testCase_browser_nullCase || function (","            options,","            onError","        ) {","        /*","         * this function will test browsers's null-case handling-behavior-behavior","         */","            onError(null, options);","        };","","        // run tests","        local.nop(local.modeTest &&","            document.querySelector('#testRunButton1') &&","            document.querySelector('#testRunButton1').click());","        break;","","","","    // run node js-env code - post-init","    /* istanbul ignore next */","    case 'node':","        local.testCase_buildApidoc_default = local.testCase_buildApidoc_default || function (","            options,","            onError","        ) {","        /*","         * this function will test buildApidoc's default handling-behavior-behavior","         */","            options = { modulePathList: module.paths };","            local.buildApidoc(options, onError);","        };","","        local.testCase_buildApp_default = local.testCase_buildApp_default || function (","            options,","            onError","        ) {","        /*","         * this function will test buildApp's default handling-behavior-behavior","         */","            local.testCase_buildReadme_default(options, local.onErrorThrow);","            local.testCase_buildLib_default(options, local.onErrorThrow);","            local.testCase_buildTest_default(options, local.onErrorThrow);","            local.testCase_buildCustomOrg_default(options, local.onErrorThrow);","            options = [];","            local.buildApp(options, onError);","        };","","        local.testCase_buildCustomOrg_default = local.testCase_buildCustomOrg_default ||","            function (options, onError) {","            /*","             * this function will test buildCustomOrg's default handling-behavior","             */","                options = {};","                local.buildCustomOrg(options, onError);","            };","","        local.testCase_buildLib_default = local.testCase_buildLib_default || function (","            options,","            onError","        ) {","        /*","         * this function will test buildLib's default handling-behavior","         */","            options = {};","            local.buildLib(options, onError);","        };","","        local.testCase_buildReadme_default = local.testCase_buildReadme_default || function (","            options,","            onError","        ) {","        /*","         * this function will test buildReadme's default handling-behavior-behavior","         */","            options = {};","            local.buildReadme(options, onError);","        };","","        local.testCase_buildTest_default = local.testCase_buildTest_default || function (","            options,","            onError","        ) {","        /*","         * this function will test buildTest's default handling-behavior","         */","            options = {};","            local.buildTest(options, onError);","        };","","        local.testCase_webpage_default = local.testCase_webpage_default || function (","            options,","            onError","        ) {","        /*","         * this function will test webpage's default handling-behavior","         */","            options = { modeCoverageMerge: true, url: local.serverLocalHost + '?modeTest=1' };","            local.browserTest(options, onError);","        };","","        // run test-server","        local.testRunServer(local);","        break;","    }","}());",""],"l":{"12":2,"14":2,"19":2,"21":2,"23":2,"24":2,"25":2,"30":1,"37":2,"40":2,"43":1,"47":1,"50":1,"52":1,"55":2,"61":2,"62":2,"64":2,"70":1,"76":1,"82":2,"83":2,"85":2,"91":1,"98":1,"102":1,"105":1,"112":1,"119":1,"120":1,"123":1,"130":1,"131":1,"132":1,"133":1,"134":1,"135":1,"138":1,"143":2,"144":2,"147":1,"154":2,"155":2,"158":1,"165":2,"166":2,"169":1,"176":2,"177":2,"180":1,"187":1,"188":1,"192":1,"193":1}},"/home/travis/build/npmtest/node-npmtest-bem/lib.npmtest_bem.js":{"path":"/home/travis/build/npmtest/node-npmtest-bem/lib.npmtest_bem.js","s":{"1":2,"2":2,"3":2,"4":2,"5":2,"6":2,"7":2,"8":1,"9":2,"10":2,"11":2,"12":2,"13":1,"14":1,"15":1,"16":1},"b":{"1":[2,1,1,1],"2":[1,1,1,1],"3":[1,1],"4":[2,2],"5":[1,1]},"f":{"1":2,"2":2,"3":2},"fnMap":{"1":{"name":"(anonymous_1)","line":12,"loc":{"start":{"line":12,"column":1},"end":{"line":12,"column":13}}},"2":{"name":"(anonymous_2)","line":19,"loc":{"start":{"line":19,"column":5},"end":{"line":19,"column":17}}},"3":{"name":"(anonymous_3)","line":23,"loc":{"start":{"line":23,"column":24},"end":{"line":23,"column":36}}}},"statementMap":{"1":{"start":{"line":12,"column":0},"end":{"line":53,"column":5}},"2":{"start":{"line":14,"column":4},"end":{"line":14,"column":14}},"3":{"start":{"line":19,"column":4},"end":{"line":52,"column":9}},"4":{"start":{"line":21,"column":8},"end":{"line":21,"column":19}},"5":{"start":{"line":23,"column":8},"end":{"line":35,"column":13}},"6":{"start":{"line":24,"column":12},"end":{"line":34,"column":13}},"7":{"start":{"line":25,"column":16},"end":{"line":28,"column":30}},"8":{"start":{"line":30,"column":16},"end":{"line":33,"column":27}},"9":{"start":{"line":37,"column":8},"end":{"line":39,"column":21}},"10":{"start":{"line":41,"column":8},"end":{"line":41,"column":54}},"11":{"start":{"line":43,"column":8},"end":{"line":43,"column":48}},"12":{"start":{"line":45,"column":8},"end":{"line":51,"column":9}},"13":{"start":{"line":46,"column":12},"end":{"line":46,"column":54}},"14":{"start":{"line":48,"column":12},"end":{"line":48,"column":35}},"15":{"start":{"line":49,"column":12},"end":{"line":49,"column":49}},"16":{"start":{"line":50,"column":12},"end":{"line":50,"column":43}}},"branchMap":{"1":{"line":25,"type":"binary-expr","locations":[{"start":{"line":25,"column":23},"end":{"line":25,"column":62}},{"start":{"line":26,"column":20},"end":{"line":26,"column":70}},{"start":{"line":27,"column":20},"end":{"line":27,"column":71}},{"start":{"line":28,"column":20},"end":{"line":28,"column":29}}]},"2":{"line":30,"type":"binary-expr","locations":[{"start":{"line":30,"column":23},"end":{"line":30,"column":37}},{"start":{"line":31,"column":20},"end":{"line":31,"column":61}},{"start":{"line":32,"column":20},"end":{"line":32,"column":70}},{"start":{"line":33,"column":20},"end":{"line":33,"column":26}}]},"3":{"line":37,"type":"cond-expr","locations":[{"start":{"line":38,"column":14},"end":{"line":38,"column":20}},{"start":{"line":39,"column":14},"end":{"line":39,"column":20}}]},"4":{"line":41,"type":"binary-expr","locations":[{"start":{"line":41,"column":16},"end":{"line":41,"column":44}},{"start":{"line":41,"column":48},"end":{"line":41,"column":53}}]},"5":{"line":45,"type":"if","locations":[{"start":{"line":45,"column":8},"end":{"line":45,"column":8}},{"start":{"line":45,"column":8},"end":{"line":45,"column":8}}]}},"code":["/* istanbul instrument in package npmtest_bem */","/*jslint","    bitwise: true,","    browser: true,","    maxerr: 8,","    maxlen: 96,","    node: true,","    nomen: true,","    regexp: true,","    stupid: true","*/","(function () {","    'use strict';","    var local;","","","","    // run shared js-env code - pre-init","    (function () {","        // init local","        local = {};","        // init modeJs","        local.modeJs = (function () {","            try {","                return typeof navigator.userAgent === 'string' &&","                    typeof document.querySelector('body') === 'object' &&","                    typeof XMLHttpRequest.prototype.open === 'function' &&","                    'browser';","            } catch (errorCaughtBrowser) {","                return module.exports &&","                    typeof process.versions.node === 'string' &&","                    typeof require('http').createServer === 'function' &&","                    'node';","            }","        }());","        // init global","        local.global = local.modeJs === 'browser'","            ? window","            : global;","        // init utility2_rollup","        local = local.global.utility2_rollup || local;","        // init lib","        local.local = local.npmtest_bem = local;","        // init exports","        if (local.modeJs === 'browser') {","            local.global.utility2_npmtest_bem = local;","        } else {","            module.exports = local;","            module.exports.__dirname = __dirname;","            module.exports.module = module;","        }","    }());","}());",""],"l":{"12":2,"14":2,"19":2,"21":2,"23":2,"24":2,"25":2,"30":1,"37":2,"41":2,"43":2,"45":2,"46":1,"48":1,"49":1,"50":1}},"/home/travis/build/npmtest/node-npmtest-bem/example.js":{"path":"/home/travis/build/npmtest/node-npmtest-bem/example.js","s":{"1":2,"2":2,"3":2,"4":2,"5":2,"6":2,"7":2,"8":1,"9":2,"10":2,"11":2,"12":2,"13":1,"14":2,"15":2,"16":2,"17":2,"18":2,"19":0,"20":2,"21":1,"22":1,"23":1,"24":1,"25":1,"26":0,"27":0,"28":1,"29":1,"30":2,"31":0,"32":0,"33":0,"34":1,"35":2,"36":2,"37":3,"38":3,"39":3,"40":3,"41":0,"42":3,"43":3,"44":3,"45":1,"46":3,"47":1,"48":1,"49":1,"50":1,"51":1,"52":1,"53":1,"54":1,"55":1,"56":1,"57":0,"58":1,"59":6,"60":6,"61":1,"62":2,"63":0,"64":2,"65":1,"66":1,"67":0,"68":0,"69":0,"70":0,"71":0,"72":0,"73":0,"74":0,"75":0,"76":0,"77":0,"78":0,"79":0,"80":0,"81":0,"82":0,"83":0},"b":{"1":[2,1,1,1],"2":[1,1,1,1],"3":[1,1],"4":[2,2],"5":[1,1],"6":[1,1],"7":[2,0],"8":[2,1,1,1,1,1],"9":[0,2,0],"10":[1,1],"11":[2,1,1],"12":[1,0],"13":[0,2],"14":[2,0,0,0,0,0,0],"15":[0,3],"16":[3,0],"17":[1,1],"18":[0,1],"19":[1,2,0,2],"20":[1,0],"21":[1,1],"22":[0,0],"23":[0,0],"24":[0,0],"25":[0,0],"26":[0,0],"27":[0,0],"28":[0,0]},"f":{"1":2,"2":2,"3":2,"4":2,"5":2,"6":2,"7":3,"8":3,"9":3,"10":1,"11":6,"12":0},"fnMap":{"1":{"name":"(anonymous_1)","line":26,"loc":{"start":{"line":26,"column":1},"end":{"line":26,"column":13}}},"2":{"name":"(anonymous_2)","line":33,"loc":{"start":{"line":33,"column":5},"end":{"line":33,"column":17}}},"3":{"name":"(anonymous_3)","line":37,"loc":{"start":{"line":37,"column":24},"end":{"line":37,"column":36}}},"4":{"name":"(anonymous_4)","line":69,"loc":{"start":{"line":69,"column":31},"end":{"line":69,"column":48}},"skip":true},"5":{"name":"(anonymous_5)","line":78,"loc":{"start":{"line":78,"column":26},"end":{"line":78,"column":45}},"skip":true},"6":{"name":"(anonymous_6)","line":123,"loc":{"start":{"line":123,"column":33},"end":{"line":123,"column":48}},"skip":true},"7":{"name":"(anonymous_7)","line":125,"loc":{"start":{"line":125,"column":27},"end":{"line":125,"column":39}},"skip":true},"8":{"name":"(anonymous_8)","line":133,"loc":{"start":{"line":133,"column":59},"end":{"line":133,"column":74}},"skip":true},"9":{"name":"(anonymous_9)","line":143,"loc":{"start":{"line":143,"column":45},"end":{"line":143,"column":62}},"skip":true},"10":{"name":"(anonymous_10)","line":144,"loc":{"start":{"line":144,"column":73},"end":{"line":144,"column":92}},"skip":true},"11":{"name":"(anonymous_11)","line":272,"loc":{"start":{"line":272,"column":51},"end":{"line":272,"column":77}},"skip":true},"12":{"name":"(anonymous_12)","line":315,"loc":{"start":{"line":315,"column":32},"end":{"line":315,"column":61}},"skip":true}},"statementMap":{"1":{"start":{"line":26,"column":0},"end":{"line":326,"column":5}},"2":{"start":{"line":28,"column":4},"end":{"line":28,"column":14}},"3":{"start":{"line":33,"column":4},"end":{"line":60,"column":9}},"4":{"start":{"line":35,"column":8},"end":{"line":35,"column":19}},"5":{"start":{"line":37,"column":8},"end":{"line":49,"column":13}},"6":{"start":{"line":38,"column":12},"end":{"line":48,"column":13}},"7":{"start":{"line":39,"column":16},"end":{"line":42,"column":30}},"8":{"start":{"line":44,"column":16},"end":{"line":47,"column":27}},"9":{"start":{"line":51,"column":8},"end":{"line":53,"column":21}},"10":{"start":{"line":55,"column":8},"end":{"line":57,"column":45}},"11":{"start":{"line":59,"column":8},"end":{"line":59,"column":35}},"12":{"start":{"line":61,"column":4},"end":{"line":325,"column":5}},"13":{"start":{"line":69,"column":8},"end":{"line":121,"column":10},"skip":true},"14":{"start":{"line":70,"column":12},"end":{"line":88,"column":13},"skip":true},"15":{"start":{"line":76,"column":16},"end":{"line":87,"column":19},"skip":true},"16":{"start":{"line":79,"column":20},"end":{"line":86,"column":21},"skip":true},"17":{"start":{"line":82,"column":24},"end":{"line":82,"column":43},"skip":true},"18":{"start":{"line":83,"column":24},"end":{"line":83,"column":30},"skip":true},"19":{"start":{"line":85,"column":24},"end":{"line":85,"column":49},"skip":true},"20":{"start":{"line":89,"column":12},"end":{"line":107,"column":13},"skip":true},"21":{"start":{"line":92,"column":16},"end":{"line":102,"column":17},"skip":true},"22":{"start":{"line":93,"column":20},"end":{"line":93,"column":86},"skip":true},"23":{"start":{"line":94,"column":20},"end":{"line":95,"column":45},"skip":true},"24":{"start":{"line":96,"column":20},"end":{"line":96,"column":42},"skip":true},"25":{"start":{"line":97,"column":20},"end":{"line":97,"column":48},"skip":true},"26":{"start":{"line":100,"column":20},"end":{"line":100,"column":85},"skip":true},"27":{"start":{"line":101,"column":20},"end":{"line":101,"column":96},"skip":true},"28":{"start":{"line":103,"column":16},"end":{"line":103,"column":22},"skip":true},"29":{"start":{"line":106,"column":16},"end":{"line":106,"column":22},"skip":true},"30":{"start":{"line":108,"column":12},"end":{"line":120,"column":13},"skip":true},"31":{"start":{"line":114,"column":16},"end":{"line":119,"column":17},"skip":true},"32":{"start":{"line":116,"column":20},"end":{"line":116,"column":78},"skip":true},"33":{"start":{"line":118,"column":20},"end":{"line":118,"column":47},"skip":true},"34":{"start":{"line":123,"column":8},"end":{"line":141,"column":11},"skip":true},"35":{"start":{"line":124,"column":12},"end":{"line":124,"column":54},"skip":true},"36":{"start":{"line":125,"column":12},"end":{"line":140,"column":14},"skip":true},"37":{"start":{"line":126,"column":16},"end":{"line":126,"column":28},"skip":true},"38":{"start":{"line":127,"column":16},"end":{"line":127,"column":69},"skip":true},"39":{"start":{"line":128,"column":16},"end":{"line":128,"column":75},"skip":true},"40":{"start":{"line":129,"column":16},"end":{"line":131,"column":17},"skip":true},"41":{"start":{"line":130,"column":20},"end":{"line":130,"column":27},"skip":true},"42":{"start":{"line":133,"column":16},"end":{"line":137,"column":36},"skip":true},"43":{"start":{"line":134,"column":20},"end":{"line":136,"column":55},"skip":true},"44":{"start":{"line":139,"column":16},"end":{"line":139,"column":57},"skip":true},"45":{"start":{"line":143,"column":8},"end":{"line":147,"column":11},"skip":true},"46":{"start":{"line":144,"column":12},"end":{"line":146,"column":15},"skip":true},"47":{"start":{"line":145,"column":16},"end":{"line":145,"column":70},"skip":true},"48":{"start":{"line":149,"column":8},"end":{"line":149,"column":31},"skip":true},"49":{"start":{"line":150,"column":8},"end":{"line":150,"column":14},"skip":true},"50":{"start":{"line":158,"column":8},"end":{"line":158,"column":31},"skip":true},"51":{"start":{"line":160,"column":8},"end":{"line":160,"column":33},"skip":true},"52":{"start":{"line":161,"column":8},"end":{"line":161,"column":37},"skip":true},"53":{"start":{"line":162,"column":8},"end":{"line":162,"column":35},"skip":true},"54":{"start":{"line":164,"column":8},"end":{"line":164,"column":50},"skip":true},"55":{"start":{"line":166,"column":8},"end":{"line":256,"column":2},"skip":true},"56":{"start":{"line":258,"column":8},"end":{"line":286,"column":9},"skip":true},"57":{"start":{"line":259,"column":12},"end":{"line":269,"column":14},"skip":true},"58":{"start":{"line":271,"column":12},"end":{"line":285,"column":19},"skip":true},"59":{"start":{"line":274,"column":20},"end":{"line":274,"column":35},"skip":true},"60":{"start":{"line":275,"column":20},"end":{"line":284,"column":21},"skip":true},"61":{"start":{"line":277,"column":24},"end":{"line":277,"column":64},"skip":true},"62":{"start":{"line":279,"column":24},"end":{"line":279,"column":40},"skip":true},"63":{"start":{"line":281,"column":24},"end":{"line":281,"column":40},"skip":true},"64":{"start":{"line":283,"column":24},"end":{"line":283,"column":39},"skip":true},"65":{"start":{"line":288,"column":8},"end":{"line":290,"column":9},"skip":true},"66":{"start":{"line":289,"column":12},"end":{"line":289,"column":18},"skip":true},"67":{"start":{"line":291,"column":8},"end":{"line":293,"column":54},"skip":true},"68":{"start":{"line":296,"column":8},"end":{"line":301,"column":37},"skip":true},"69":{"start":{"line":303,"column":8},"end":{"line":303,"column":82},"skip":true},"70":{"start":{"line":306,"column":8},"end":{"line":308,"column":9},"skip":true},"71":{"start":{"line":307,"column":12},"end":{"line":307,"column":82},"skip":true},"72":{"start":{"line":310,"column":8},"end":{"line":312,"column":9},"skip":true},"73":{"start":{"line":311,"column":12},"end":{"line":311,"column":18},"skip":true},"74":{"start":{"line":313,"column":8},"end":{"line":313,"column":54},"skip":true},"75":{"start":{"line":314,"column":8},"end":{"line":314,"column":69},"skip":true},"76":{"start":{"line":315,"column":8},"end":{"line":323,"column":36},"skip":true},"77":{"start":{"line":316,"column":12},"end":{"line":316,"column":61},"skip":true},"78":{"start":{"line":317,"column":12},"end":{"line":320,"column":13},"skip":true},"79":{"start":{"line":318,"column":16},"end":{"line":318,"column":75},"skip":true},"80":{"start":{"line":319,"column":16},"end":{"line":319,"column":23},"skip":true},"81":{"start":{"line":321,"column":12},"end":{"line":321,"column":38},"skip":true},"82":{"start":{"line":322,"column":12},"end":{"line":322,"column":27},"skip":true},"83":{"start":{"line":324,"column":8},"end":{"line":324,"column":14},"skip":true}},"branchMap":{"1":{"line":39,"type":"binary-expr","locations":[{"start":{"line":39,"column":23},"end":{"line":39,"column":62}},{"start":{"line":40,"column":20},"end":{"line":40,"column":70}},{"start":{"line":41,"column":20},"end":{"line":41,"column":71}},{"start":{"line":42,"column":20},"end":{"line":42,"column":29}}]},"2":{"line":44,"type":"binary-expr","locations":[{"start":{"line":44,"column":23},"end":{"line":44,"column":37}},{"start":{"line":45,"column":20},"end":{"line":45,"column":61}},{"start":{"line":46,"column":20},"end":{"line":46,"column":70}},{"start":{"line":47,"column":20},"end":{"line":47,"column":26}}]},"3":{"line":51,"type":"cond-expr","locations":[{"start":{"line":52,"column":14},"end":{"line":52,"column":20}},{"start":{"line":53,"column":14},"end":{"line":53,"column":20}}]},"4":{"line":55,"type":"binary-expr","locations":[{"start":{"line":55,"column":16},"end":{"line":55,"column":44}},{"start":{"line":55,"column":49},"end":{"line":57,"column":43}}]},"5":{"line":55,"type":"cond-expr","locations":[{"start":{"line":56,"column":14},"end":{"line":56,"column":47}},{"start":{"line":57,"column":14},"end":{"line":57,"column":43}}]},"6":{"line":61,"type":"switch","locations":[{"start":{"line":68,"column":4},"end":{"line":150,"column":14},"skip":true},{"start":{"line":156,"column":4},"end":{"line":324,"column":14},"skip":true}]},"7":{"line":70,"type":"if","locations":[{"start":{"line":70,"column":12},"end":{"line":70,"column":12},"skip":true},{"start":{"line":70,"column":12},"end":{"line":70,"column":12},"skip":true}]},"8":{"line":70,"type":"binary-expr","locations":[{"start":{"line":70,"column":16},"end":{"line":70,"column":22},"skip":true},{"start":{"line":70,"column":27},"end":{"line":70,"column":32},"skip":true},{"start":{"line":71,"column":20},"end":{"line":71,"column":39},"skip":true},{"start":{"line":72,"column":20},"end":{"line":72,"column":49},"skip":true},{"start":{"line":73,"column":20},"end":{"line":73,"column":58},"skip":true},{"start":{"line":74,"column":20},"end":{"line":74,"column":69},"skip":true}]},"9":{"line":79,"type":"switch","locations":[{"start":{"line":80,"column":20},"end":{"line":80,"column":33},"skip":true},{"start":{"line":81,"column":20},"end":{"line":83,"column":30},"skip":true},{"start":{"line":84,"column":20},"end":{"line":85,"column":49},"skip":true}]},"10":{"line":89,"type":"switch","locations":[{"start":{"line":90,"column":12},"end":{"line":103,"column":22},"skip":true},{"start":{"line":105,"column":12},"end":{"line":106,"column":22},"skip":true}]},"11":{"line":89,"type":"binary-expr","locations":[{"start":{"line":89,"column":20},"end":{"line":89,"column":25},"skip":true},{"start":{"line":89,"column":29},"end":{"line":89,"column":48},"skip":true},{"start":{"line":89,"column":52},"end":{"line":89,"column":74},"skip":true}]},"12":{"line":92,"type":"if","locations":[{"start":{"line":92,"column":16},"end":{"line":92,"column":16},"skip":true},{"start":{"line":92,"column":16},"end":{"line":92,"column":16},"skip":true}]},"13":{"line":108,"type":"if","locations":[{"start":{"line":108,"column":12},"end":{"line":108,"column":12},"skip":true},{"start":{"line":108,"column":12},"end":{"line":108,"column":12},"skip":true}]},"14":{"line":108,"type":"binary-expr","locations":[{"start":{"line":108,"column":16},"end":{"line":108,"column":61},"skip":true},{"start":{"line":108,"column":66},"end":{"line":108,"column":72},"skip":true},{"start":{"line":108,"column":77},"end":{"line":108,"column":82},"skip":true},{"start":{"line":109,"column":20},"end":{"line":109,"column":39},"skip":true},{"start":{"line":110,"column":20},"end":{"line":110,"column":49},"skip":true},{"start":{"line":111,"column":20},"end":{"line":111,"column":58},"skip":true},{"start":{"line":112,"column":20},"end":{"line":112,"column":68},"skip":true}]},"15":{"line":129,"type":"if","locations":[{"start":{"line":129,"column":16},"end":{"line":129,"column":16},"skip":true},{"start":{"line":129,"column":16},"end":{"line":129,"column":16},"skip":true}]},"16":{"line":134,"type":"cond-expr","locations":[{"start":{"line":135,"column":26},"end":{"line":135,"column":29},"skip":true},{"start":{"line":136,"column":26},"end":{"line":136,"column":54},"skip":true}]},"17":{"line":164,"type":"binary-expr","locations":[{"start":{"line":164,"column":27},"end":{"line":164,"column":43},"skip":true},{"start":{"line":164,"column":47},"end":{"line":164,"column":49},"skip":true}]},"18":{"line":258,"type":"if","locations":[{"start":{"line":258,"column":8},"end":{"line":258,"column":8},"skip":true},{"start":{"line":258,"column":8},"end":{"line":258,"column":8},"skip":true}]},"19":{"line":275,"type":"switch","locations":[{"start":{"line":276,"column":20},"end":{"line":277,"column":64},"skip":true},{"start":{"line":278,"column":20},"end":{"line":279,"column":40},"skip":true},{"start":{"line":280,"column":20},"end":{"line":281,"column":40},"skip":true},{"start":{"line":282,"column":20},"end":{"line":283,"column":39},"skip":true}]},"20":{"line":288,"type":"if","locations":[{"start":{"line":288,"column":8},"end":{"line":288,"column":8},"skip":true},{"start":{"line":288,"column":8},"end":{"line":288,"column":8},"skip":true}]},"21":{"line":288,"type":"binary-expr","locations":[{"start":{"line":288,"column":12},"end":{"line":288,"column":40},"skip":true},{"start":{"line":288,"column":44},"end":{"line":288,"column":67},"skip":true}]},"22":{"line":292,"type":"binary-expr","locations":[{"start":{"line":292,"column":12},"end":{"line":292,"column":50},"skip":true},{"start":{"line":293,"column":12},"end":{"line":293,"column":53},"skip":true}]},"23":{"line":297,"type":"binary-expr","locations":[{"start":{"line":297,"column":12},"end":{"line":297,"column":61},"skip":true},{"start":{"line":298,"column":12},"end":{"line":301,"column":36},"skip":true}]},"24":{"line":303,"type":"binary-expr","locations":[{"start":{"line":303,"column":43},"end":{"line":303,"column":75},"skip":true},{"start":{"line":303,"column":79},"end":{"line":303,"column":81},"skip":true}]},"25":{"line":306,"type":"if","locations":[{"start":{"line":306,"column":8},"end":{"line":306,"column":8},"skip":true},{"start":{"line":306,"column":8},"end":{"line":306,"column":8},"skip":true}]},"26":{"line":310,"type":"if","locations":[{"start":{"line":310,"column":8},"end":{"line":310,"column":8},"skip":true},{"start":{"line":310,"column":8},"end":{"line":310,"column":8},"skip":true}]},"27":{"line":313,"type":"binary-expr","locations":[{"start":{"line":313,"column":27},"end":{"line":313,"column":43},"skip":true},{"start":{"line":313,"column":47},"end":{"line":313,"column":53},"skip":true}]},"28":{"line":317,"type":"if","locations":[{"start":{"line":317,"column":12},"end":{"line":317,"column":12},"skip":true},{"start":{"line":317,"column":12},"end":{"line":317,"column":12},"skip":true}]}},"code":["/*","example.js","","quickstart example","","instruction","    1. save this script as example.js","    2. run the shell command:","        $ npm install npmtest-bem && PORT=8081 node example.js","    3. play with the browser-demo on http://127.0.0.1:8081","*/","","","","/* istanbul instrument in package npmtest_bem */","/*jslint","    bitwise: true,","    browser: true,","    maxerr: 8,","    maxlen: 96,","    node: true,","    nomen: true,","    regexp: true,","    stupid: true","*/","(function () {","    'use strict';","    var local;","","","","    // run shared js-env code - pre-init","    (function () {","        // init local","        local = {};","        // init modeJs","        local.modeJs = (function () {","            try {","                return typeof navigator.userAgent === 'string' &&","                    typeof document.querySelector('body') === 'object' &&","                    typeof XMLHttpRequest.prototype.open === 'function' &&","                    'browser';","            } catch (errorCaughtBrowser) {","                return module.exports &&","                    typeof process.versions.node === 'string' &&","                    typeof require('http').createServer === 'function' &&","                    'node';","            }","        }());","        // init global","        local.global = local.modeJs === 'browser'","            ? window","            : global;","        // init utility2_rollup","        local = local.global.utility2_rollup || (local.modeJs === 'browser'","            ? local.global.utility2_npmtest_bem","            : global.utility2_moduleExports);","        // export local","        local.global.local = local;","    }());","    switch (local.modeJs) {","","","","    // post-init","    // run browser js-env code - post-init","    /* istanbul ignore next */","    case 'browser':","        local.testRunBrowser = function (event) {","            if (!event || (event &&","                    event.currentTarget &&","                    event.currentTarget.className &&","                    event.currentTarget.className.includes &&","                    event.currentTarget.className.includes('onreset'))) {","                // reset output","                Array.from(","                    document.querySelectorAll('body > .resettable')","                ).forEach(function (element) {","                    switch (element.tagName) {","                    case 'INPUT':","                    case 'TEXTAREA':","                        element.value = '';","                        break;","                    default:","                        element.textContent = '';","                    }","                });","            }","            switch (event && event.currentTarget && event.currentTarget.id) {","            case 'testRunButton1':","                // show tests","                if (document.querySelector('#testReportDiv1').style.display === 'none') {","                    document.querySelector('#testReportDiv1').style.display = 'block';","                    document.querySelector('#testRunButton1').textContent =","                        'hide internal test';","                    local.modeTest = true;","                    local.testRunDefault(local);","                // hide tests","                } else {","                    document.querySelector('#testReportDiv1').style.display = 'none';","                    document.querySelector('#testRunButton1').textContent = 'run internal test';","                }","                break;","            // custom-case","            default:","                break;","            }","            if (document.querySelector('#inputTextareaEval1') && (!event || (event &&","                    event.currentTarget &&","                    event.currentTarget.className &&","                    event.currentTarget.className.includes &&","                    event.currentTarget.className.includes('oneval')))) {","                // try to eval input-code","                try {","                    /*jslint evil: true*/","                    eval(document.querySelector('#inputTextareaEval1').value);","                } catch (errorCaught) {","                    console.error(errorCaught);","                }","            }","        };","        // log stderr and stdout to #outputTextareaStdout1","        ['error', 'log'].forEach(function (key) {","            console[key + '_original'] = console[key];","            console[key] = function () {","                var element;","                console[key + '_original'].apply(console, arguments);","                element = document.querySelector('#outputTextareaStdout1');","                if (!element) {","                    return;","                }","                // append text to #outputTextareaStdout1","                element.value += Array.from(arguments).map(function (arg) {","                    return typeof arg === 'string'","                        ? arg","                        : JSON.stringify(arg, null, 4);","                }).join(' ') + '\\n';","                // scroll textarea to bottom","                element.scrollTop = element.scrollHeight;","            };","        });","        // init event-handling","        ['change', 'click', 'keyup'].forEach(function (event) {","            Array.from(document.querySelectorAll('.on' + event)).forEach(function (element) {","                element.addEventListener(event, local.testRunBrowser);","            });","        });","        // run tests","        local.testRunBrowser();","        break;","","","","    // run node js-env code - post-init","    /* istanbul ignore next */","    case 'node':","        // export local","        module.exports = local;","        // require modules","        local.fs = require('fs');","        local.http = require('http');","        local.url = require('url');","        // init assets","        local.assetsDict = local.assetsDict || {};","        /* jslint-ignore-begin */","        local.assetsDict['/assets.index.template.html'] = '\\","<!doctype html>\\n\\","<html lang=\"en\">\\n\\","<head>\\n\\","<meta charset=\"UTF-8\">\\n\\","<meta name=\"viewport\" content=\"width=device-width, initial-scale=1\">\\n\\","<title>{{env.npm_package_name}} (v{{env.npm_package_version}})</title>\\n\\","<style>\\n\\","/*csslint\\n\\","    box-sizing: false,\\n\\","    universal-selector: false\\n\\","*/\\n\\","* {\\n\\","    box-sizing: border-box;\\n\\","}\\n\\","body {\\n\\","    background: #dde;\\n\\","    font-family: Arial, Helvetica, sans-serif;\\n\\","    margin: 2rem;\\n\\","}\\n\\","body > * {\\n\\","    margin-bottom: 1rem;\\n\\","}\\n\\",".utility2FooterDiv {\\n\\","    margin-top: 20px;\\n\\","    text-align: center;\\n\\","}\\n\\","</style>\\n\\","<style>\\n\\","/*csslint\\n\\","*/\\n\\","textarea {\\n\\","    font-family: monospace;\\n\\","    height: 10rem;\\n\\","    width: 100%;\\n\\","}\\n\\","textarea[readonly] {\\n\\","    background: #ddd;\\n\\","}\\n\\","</style>\\n\\","</head>\\n\\","<body>\\n\\","<!-- utility2-comment\\n\\","<div id=\"ajaxProgressDiv1\" style=\"background: #d00; height: 2px; left: 0; margin: 0; padding: 0; position: fixed; top: 0; transition: background 0.5s, width 1.5s; width: 25%;\"></div>\\n\\","utility2-comment -->\\n\\","<h1>\\n\\","<!-- utility2-comment\\n\\","    <a\\n\\","        {{#if env.npm_package_homepage}}\\n\\","        href=\"{{env.npm_package_homepage}}\"\\n\\","        {{/if env.npm_package_homepage}}\\n\\","        target=\"_blank\"\\n\\","    >\\n\\","utility2-comment -->\\n\\","        {{env.npm_package_name}} (v{{env.npm_package_version}})\\n\\","<!-- utility2-comment\\n\\","    </a>\\n\\","utility2-comment -->\\n\\","</h1>\\n\\","<h3>{{env.npm_package_description}}</h3>\\n\\","<!-- utility2-comment\\n\\","<h4><a download href=\"assets.app.js\">download standalone app</a></h4>\\n\\","<button class=\"onclick onreset\" id=\"testRunButton1\">run internal test</button><br>\\n\\","<div id=\"testReportDiv1\" style=\"display: none;\"></div>\\n\\","utility2-comment -->\\n\\","\\n\\","\\n\\","\\n\\","<label>stderr and stdout</label>\\n\\","<textarea class=\"resettable\" id=\"outputTextareaStdout1\" readonly></textarea>\\n\\","<!-- utility2-comment\\n\\","{{#if isRollup}}\\n\\","<script src=\"assets.app.js\"></script>\\n\\","{{#unless isRollup}}\\n\\","utility2-comment -->\\n\\","<script src=\"assets.utility2.rollup.js\"></script>\\n\\","<script src=\"jsonp.utility2._stateInit?callback=window.utility2._stateInit\"></script>\\n\\","<script src=\"assets.npmtest_bem.rollup.js\"></script>\\n\\","<script src=\"assets.example.js\"></script>\\n\\","<script src=\"assets.test.js\"></script>\\n\\","<!-- utility2-comment\\n\\","{{/if isRollup}}\\n\\","utility2-comment -->\\n\\","<div class=\"utility2FooterDiv\">\\n\\","    [ this app was created with\\n\\","    <a href=\"https://github.com/kaizhu256/node-utility2\" target=\"_blank\">utility2</a>\\n\\","    ]\\n\\","</div>\\n\\","</body>\\n\\","</html>\\n\\","';","        /* jslint-ignore-end */","        if (local.templateRender) {","            local.assetsDict['/'] = local.templateRender(","                local.assetsDict['/assets.index.template.html'],","                {","                    env: local.objectSetDefault(local.env, {","                        npm_package_description: 'the greatest app in the world!',","                        npm_package_name: 'my-app',","                        npm_package_nameAlias: 'my_app',","                        npm_package_version: '0.0.1'","                    })","                }","            );","        } else {","            local.assetsDict['/'] = local.assetsDict['/assets.index.template.html']","                .replace((/\\{\\{env\\.(\\w+?)\\}\\}/g), function (match0, match1) {","                    // jslint-hack","                    String(match0);","                    switch (match1) {","                    case 'npm_package_description':","                        return 'the greatest app in the world!';","                    case 'npm_package_name':","                        return 'my-app';","                    case 'npm_package_nameAlias':","                        return 'my_app';","                    case 'npm_package_version':","                        return '0.0.1';","                    }","                });","        }","        // run the cli","        if (local.global.utility2_rollup || module !== require.main) {","            break;","        }","        local.assetsDict['/assets.example.js'] =","            local.assetsDict['/assets.example.js'] ||","            local.fs.readFileSync(__filename, 'utf8');","        // bug-workaround - long $npm_package_buildCustomOrg","        /* jslint-ignore-begin */","        local.assetsDict['/assets.npmtest_bem.rollup.js'] =","            local.assetsDict['/assets.npmtest_bem.rollup.js'] ||","            local.fs.readFileSync(","                local.npmtest_bem.__dirname + '/lib.npmtest_bem.js',","                'utf8'","            ).replace((/^#!/), '//');","        /* jslint-ignore-end */","        local.assetsDict['/favicon.ico'] = local.assetsDict['/favicon.ico'] || '';","        // if $npm_config_timeout_exit exists,","        // then exit this process after $npm_config_timeout_exit ms","        if (Number(process.env.npm_config_timeout_exit)) {","            setTimeout(process.exit, Number(process.env.npm_config_timeout_exit));","        }","        // start server","        if (local.global.utility2_serverHttp1) {","            break;","        }","        process.env.PORT = process.env.PORT || '8081';","        console.error('server starting on port ' + process.env.PORT);","        local.http.createServer(function (request, response) {","            request.urlParsed = local.url.parse(request.url);","            if (local.assetsDict[request.urlParsed.pathname] !== undefined) {","                response.end(local.assetsDict[request.urlParsed.pathname]);","                return;","            }","            response.statusCode = 404;","            response.end();","        }).listen(process.env.PORT);","        break;","    }","}());",""],"l":{"26":2,"28":2,"33":2,"35":2,"37":2,"38":2,"39":2,"44":1,"51":2,"55":2,"59":2,"61":2,"69":1,"70":2,"76":2,"79":2,"82":2,"83":2,"85":1,"89":2,"92":1,"93":1,"94":1,"96":1,"97":1,"100":1,"101":1,"103":1,"106":1,"108":2,"114":1,"116":1,"118":1,"123":1,"124":2,"125":2,"126":3,"127":3,"128":3,"129":3,"130":1,"133":3,"134":3,"139":3,"143":1,"144":3,"145":1,"149":1,"150":1,"158":1,"160":1,"161":1,"162":1,"164":1,"166":1,"258":1,"259":1,"271":1,"274":6,"275":6,"277":1,"279":2,"281":1,"283":2,"288":1,"289":1,"291":1,"296":1,"303":1,"306":1,"307":1,"310":1,"311":1,"313":1,"314":1,"315":1,"316":1,"317":1,"318":1,"319":1,"321":1,"322":1,"324":1}},"/home/travis/build/npmtest/node-npmtest-bem/node_modules/bem/bin/bem":{"path":"/home/travis/build/npmtest/node-npmtest-bem/node_modules/bem/bin/bem","s":{"1":1},"b":{},"f":{},"fnMap":{},"statementMap":{"1":{"start":{"line":3,"column":0},"end":{"line":3,"column":26}}},"branchMap":{},"code":["//#!/usr/bin/env node","","require('bem-tools-core');",""],"l":{"3":1}},"/home/travis/build/npmtest/node-npmtest-bem/node_modules/bem/node_modules/bem-tools-core/index.js":{"path":"/home/travis/build/npmtest/node-npmtest-bem/node_modules/bem/node_modules/bem-tools-core/index.js","s":{"1":1,"2":1,"3":1,"4":0,"5":1,"6":6,"7":6,"8":6,"9":0,"10":6,"11":57,"12":57,"13":1,"14":1,"15":1,"16":57,"17":1,"18":1,"19":1,"20":1,"21":1,"22":1,"23":1,"24":1,"25":1,"26":1},"b":{"1":[0,6],"2":[6,4],"3":[6,4],"4":[57,1],"5":[1,1],"6":[1,0],"7":[1,1]},"f":{"1":0,"2":6,"3":6,"4":6,"5":57,"6":1,"7":57,"8":1,"9":1},"fnMap":{"1":{"name":"(anonymous_1)","line":18,"loc":{"start":{"line":18,"column":13},"end":{"line":18,"column":24}}},"2":{"name":"readDir","line":23,"loc":{"start":{"line":23,"column":0},"end":{"line":23,"column":22}}},"3":{"name":"(anonymous_3)","line":24,"loc":{"start":{"line":24,"column":23},"end":{"line":24,"column":49}}},"4":{"name":"(anonymous_4)","line":25,"loc":{"start":{"line":25,"column":24},"end":{"line":25,"column":48}}},"5":{"name":"(anonymous_5)","line":28,"loc":{"start":{"line":28,"column":44},"end":{"line":28,"column":67}}},"6":{"name":"(anonymous_6)","line":43,"loc":{"start":{"line":43,"column":8},"end":{"line":43,"column":32}}},"7":{"name":"(anonymous_7)","line":45,"loc":{"start":{"line":45,"column":52},"end":{"line":45,"column":70}}},"8":{"name":"(anonymous_8)","line":49,"loc":{"start":{"line":49,"column":21},"end":{"line":49,"column":43}}},"9":{"name":"(anonymous_9)","line":67,"loc":{"start":{"line":67,"column":8},"end":{"line":67,"column":29}}}},"statementMap":{"1":{"start":{"line":1,"column":0},"end":{"line":1,"column":33}},"2":{"start":{"line":3,"column":0},"end":{"line":6,"column":24}},"3":{"start":{"line":8,"column":0},"end":{"line":21,"column":15}},"4":{"start":{"line":19,"column":12},"end":{"line":19,"column":48}},"5":{"start":{"line":23,"column":0},"end":{"line":34,"column":1}},"6":{"start":{"line":24,"column":4},"end":{"line":33,"column":7}},"7":{"start":{"line":25,"column":8},"end":{"line":32,"column":11}},"8":{"start":{"line":26,"column":12},"end":{"line":26,"column":65}},"9":{"start":{"line":26,"column":46},"end":{"line":26,"column":65}},"10":{"start":{"line":28,"column":12},"end":{"line":31,"column":20}},"11":{"start":{"line":29,"column":16},"end":{"line":29,"column":58}},"12":{"start":{"line":30,"column":16},"end":{"line":30,"column":27}},"13":{"start":{"line":36,"column":0},"end":{"line":65,"column":24}},"14":{"start":{"line":44,"column":4},"end":{"line":44,"column":76}},"15":{"start":{"line":45,"column":4},"end":{"line":47,"column":7}},"16":{"start":{"line":46,"column":8},"end":{"line":46,"column":84}},"17":{"start":{"line":49,"column":4},"end":{"line":61,"column":7}},"18":{"start":{"line":50,"column":8},"end":{"line":52,"column":32}},"19":{"start":{"line":53,"column":8},"end":{"line":58,"column":9}},"20":{"start":{"line":54,"column":12},"end":{"line":54,"column":47}},"21":{"start":{"line":60,"column":8},"end":{"line":60,"column":78}},"22":{"start":{"line":63,"column":4},"end":{"line":63,"column":35}},"23":{"start":{"line":67,"column":0},"end":{"line":71,"column":3}},"24":{"start":{"line":68,"column":4},"end":{"line":70,"column":5}},"25":{"start":{"line":69,"column":8},"end":{"line":69,"column":28}},"26":{"start":{"line":73,"column":0},"end":{"line":73,"column":21}}},"branchMap":{"1":{"line":26,"type":"if","locations":[{"start":{"line":26,"column":12},"end":{"line":26,"column":12}},{"start":{"line":26,"column":12},"end":{"line":26,"column":12}}]},"2":{"line":26,"type":"binary-expr","locations":[{"start":{"line":26,"column":16},"end":{"line":26,"column":19}},{"start":{"line":26,"column":23},"end":{"line":26,"column":44}}]},"3":{"line":28,"type":"binary-expr","locations":[{"start":{"line":28,"column":21},"end":{"line":28,"column":29}},{"start":{"line":28,"column":33},"end":{"line":28,"column":35}}]},"4":{"line":46,"type":"binary-expr","locations":[{"start":{"line":46,"column":15},"end":{"line":46,"column":51}},{"start":{"line":46,"column":55},"end":{"line":46,"column":83}}]},"5":{"line":60,"type":"binary-expr","locations":[{"start":{"line":60,"column":8},"end":{"line":60,"column":20}},{"start":{"line":60,"column":24},"end":{"line":60,"column":77}}]},"6":{"line":68,"type":"if","locations":[{"start":{"line":68,"column":4},"end":{"line":68,"column":4}},{"start":{"line":68,"column":4},"end":{"line":68,"column":4}}]},"7":{"line":68,"type":"binary-expr","locations":[{"start":{"line":68,"column":8},"end":{"line":68,"column":33}},{"start":{"line":68,"column":37},"end":{"line":68,"column":62}}]}},"code":["var PLUGIN_PREFIX = 'bem-tools-';","","var fs = require('fs'),","    path = require('path'),","    npmRootPath = require('global-modules'),","    cwd = process.cwd();","","var bem = require('coa').Cmd()","    .name(process.argv[1])","    .title(['BEM plugins CLI runned.', '' +","        'See https://bem.info for more info.', ''].join('\\n'))","    .helpful()","    .opt()","        .name('version').title('Version')","        .short('v').long('version')","        .flag()","        .only()","        .act(function() {","            return require('./package').version;","        })","        .end();","","function readDir(dir) {","    return new Promise(function(resolve, reject) {","        fs.readdir(dir, function(err, packages) {","            if (err && err.code !== 'ENOENT') return reject(err);","","            resolve((packages || []).reduce(function(acc, package) {","                acc[package] = path.resolve(dir, package);","                return acc;","            }, {}));","        });","    });","}","","Promise.all([","    readDir(path.join(cwd, 'node_modules')),","    readDir(path.join(cwd, 'node_modules', 'bem-tools', 'node_modules')),","    readDir(path.join(__dirname, 'node_modules')),","    readDir(path.join(__dirname, 'node_modules', 'bem-tools', 'node_modules')),","    readDir(npmRootPath),","    readDir(path.join(npmRootPath, 'bem-tools', 'node_modules'))","]).then(function(packagesArray) {","    var packagesHash = Object.assign.apply(Object, packagesArray.reverse());","    var packages = Object.keys(packagesHash).filter(function(package) {","        return package.indexOf(PLUGIN_PREFIX) === 0 && package !== 'bem-tools-core';","    });","","    packages.forEach(function(packageName) {","        var commandName = packageName.replace(PLUGIN_PREFIX, ''),","            pluginPath = path.join(packagesHash[packageName], 'cli'),","            pluginModule = null;","        try {","            pluginModule = require(pluginPath);","        } catch(err) {","            // TODO: implement verbose logging","            // console.warn('Cannot find module', plugin);","        }","","        pluginModule && bem.cmd().name(commandName).apply(pluginModule).end();","    });","","    bem.run(process.argv.slice(2));","","}).catch(console.error);","","bem.act(function(opts, args) {","    if (!Object.keys(opts).length && !Object.keys(args).length) {","        return this.usage();","    }","});","","module.exports = bem;",""],"l":{"1":1,"3":1,"8":1,"19":0,"23":1,"24":6,"25":6,"26":6,"28":6,"29":57,"30":57,"36":1,"44":1,"45":1,"46":57,"49":1,"50":1,"53":1,"54":1,"60":1,"63":1,"67":1,"68":1,"69":1,"73":1}},"/home/travis/build/npmtest/node-npmtest-bem/node_modules/bem-tools-create/cli.js":{"path":"/home/travis/build/npmtest/node-npmtest-bem/node_modules/bem-tools-create/cli.js","s":{"1":1,"2":1,"3":1,"4":0,"5":0,"6":0,"7":0,"8":0,"9":0},"b":{"1":[0,0],"2":[0,0],"3":[0,0],"4":[0,0],"5":[0,0],"6":[0,0],"7":[0,0]},"f":{"1":1,"2":0},"fnMap":{"1":{"name":"(anonymous_1)","line":5,"loc":{"start":{"line":5,"column":17},"end":{"line":5,"column":28}}},"2":{"name":"(anonymous_2)","line":66,"loc":{"start":{"line":66,"column":13},"end":{"line":66,"column":34}}}},"statementMap":{"1":{"start":{"line":3,"column":0},"end":{"line":3,"column":27}},"2":{"start":{"line":5,"column":0},"end":{"line":86,"column":2}},"3":{"start":{"line":6,"column":4},"end":{"line":85,"column":15}},"4":{"start":{"line":67,"column":12},"end":{"line":68,"column":43}},"5":{"start":{"line":70,"column":12},"end":{"line":72,"column":13}},"6":{"start":{"line":71,"column":16},"end":{"line":71,"column":50}},"7":{"start":{"line":74,"column":12},"end":{"line":76,"column":13}},"8":{"start":{"line":75,"column":16},"end":{"line":75,"column":73}},"9":{"start":{"line":78,"column":12},"end":{"line":83,"column":44}}},"branchMap":{"1":{"line":68,"type":"binary-expr","locations":[{"start":{"line":68,"column":24},"end":{"line":68,"column":36}},{"start":{"line":68,"column":40},"end":{"line":68,"column":42}}]},"2":{"line":70,"type":"if","locations":[{"start":{"line":70,"column":12},"end":{"line":70,"column":12}},{"start":{"line":70,"column":12},"end":{"line":70,"column":12}}]},"3":{"line":74,"type":"if","locations":[{"start":{"line":74,"column":12},"end":{"line":74,"column":12}},{"start":{"line":74,"column":12},"end":{"line":74,"column":12}}]},"4":{"line":78,"type":"binary-expr","locations":[{"start":{"line":78,"column":12},"end":{"line":78,"column":22}},{"start":{"line":78,"column":26},"end":{"line":83,"column":43}}]},"5":{"line":80,"type":"binary-expr","locations":[{"start":{"line":80,"column":22},"end":{"line":80,"column":31}},{"start":{"line":80,"column":35},"end":{"line":80,"column":47}}]},"6":{"line":81,"type":"binary-expr","locations":[{"start":{"line":81,"column":25},"end":{"line":81,"column":33}},{"start":{"line":81,"column":37},"end":{"line":81,"column":48}}]},"7":{"line":82,"type":"binary-expr","locations":[{"start":{"line":82,"column":24},"end":{"line":82,"column":32}},{"start":{"line":82,"column":36},"end":{"line":82,"column":47}}]}},"code":["'use strict';","","var create = require('./');","","module.exports = function() {","    this","        .title('Create BEM entity').helpful()","        .opt()","            .name('level').short('l').long('level')","            .title('level directory path')","            .end()","        .opt()","            .name('block').short('b').long('block')","            .title('block name, required')","            .arr()","            .end()","        .opt()","            .name('elem').short('e').long('elem')","            .title('element name')","            .arr()","            .end()","        .opt()","            .name('mod').short('m').long('mod')","            .title('modifier name')","            .arr()","            .end()","        .opt()","            .name('val').short('v').long('val')","            .title('modifier value')","            .arr()","            .end()","        .opt()","            .name('addTech').short('t').long('add-tech')","            .title('add tech')","            .arr()","            .end()","        .opt()","            .name('forceTech').short('T').long('force-tech')","            .title('use only specified tech')","            .arr()","            .end()","        .opt()","            .name('noTech').short('n').long('no-tech')","            .title('exclude tech')","            .arr()","            .end()","        .opt()","            .name('content').short('c').long('content')","            .title('the content of the file')","            .arr()","            .end()","        .opt()","            .name('contentFile').short('cf').long('content-file')","            .title('path to the template to use as a content of created file')","            .arr()","            .end()","        .opt()","            .name('force').short('f').long('force')","            .title('force files creation')","            .flag()","            .end()","        .arg()","            .name('entities').title('Entities')","            .arr()","            .end()","        .act(function(opts, args) {","            var options = {},","                techs = opts.addTech || [];","","            if (opts.forceTech) {","                options.onlyTech = opts.forceTech;","            }","","            if (args.entities) {","                return create(args.entities, opts.level, techs, options);","            };","","            opts.block && create([{","                block: opts.block[0],","                elem: opts.elem && opts.elem[0],","                modName: opts.mod && opts.mod[0],","                modVal: opts.val && opts.val[0]","            }], opts.level, techs, options);","        })","        .end();","};",""],"l":{"3":1,"5":1,"6":1,"67":0,"70":0,"71":0,"74":0,"75":0,"78":0}},"/home/travis/build/npmtest/node-npmtest-bem/node_modules/bem-tools-create/index.js":{"path":"/home/travis/build/npmtest/node-npmtest-bem/node_modules/bem-tools-create/index.js","s":{"1":1},"b":{},"f":{},"fnMap":{},"statementMap":{"1":{"start":{"line":1,"column":0},"end":{"line":1,"column":41}}},"branchMap":{},"code":["module.exports = require('./lib/create');",""],"l":{"1":1}},"/home/travis/build/npmtest/node-npmtest-bem/node_modules/bem-tools-create/lib/create.js":{"path":"/home/travis/build/npmtest/node-npmtest-bem/node_modules/bem-tools-create/lib/create.js","s":{"1":1,"2":1,"3":0,"4":0,"5":0,"6":0,"7":0,"8":0,"9":0,"10":0,"11":0,"12":0,"13":0,"14":0,"15":0,"16":0,"17":0,"18":0,"19":0,"20":0,"21":0,"22":0,"23":0,"24":0,"25":0,"26":0,"27":0,"28":0,"29":0,"30":0,"31":0,"32":0,"33":0,"34":0,"35":0,"36":0,"37":0},"b":{"1":[0,0],"2":[0,0],"3":[0,0],"4":[0,0],"5":[0,0],"6":[0,0],"7":[0,0],"8":[0,0],"9":[0,0],"10":[0,0],"11":[0,0],"12":[0,0],"13":[0,0,0,0],"14":[0,0],"15":[0,0],"16":[0,0],"17":[0,0],"18":[0,0],"19":[0,0],"20":[0,0],"21":[0,0]},"f":{"1":0,"2":0,"3":0,"4":0,"5":0,"6":0,"7":0,"8":0,"9":0,"10":0},"fnMap":{"1":{"name":"create","line":13,"loc":{"start":{"line":13,"column":17},"end":{"line":13,"column":67}}},"2":{"name":"(anonymous_2)","line":23,"loc":{"start":{"line":23,"column":45},"end":{"line":23,"column":61}}},"3":{"name":"(anonymous_3)","line":27,"loc":{"start":{"line":27,"column":42},"end":{"line":27,"column":58}}},"4":{"name":"(anonymous_4)","line":37,"loc":{"start":{"line":37,"column":36},"end":{"line":37,"column":52}}},"5":{"name":"(anonymous_5)","line":40,"loc":{"start":{"line":40,"column":78},"end":{"line":40,"column":104}}},"6":{"name":"(anonymous_6)","line":48,"loc":{"start":{"line":48,"column":49},"end":{"line":48,"column":68}}},"7":{"name":"(anonymous_7)","line":52,"loc":{"start":{"line":52,"column":26},"end":{"line":52,"column":49}}},"8":{"name":"(anonymous_8)","line":55,"loc":{"start":{"line":55,"column":56},"end":{"line":55,"column":79}}},"9":{"name":"(anonymous_9)","line":83,"loc":{"start":{"line":83,"column":64},"end":{"line":83,"column":79}}},"10":{"name":"(anonymous_10)","line":95,"loc":{"start":{"line":95,"column":13},"end":{"line":95,"column":24}}}},"statementMap":{"1":{"start":{"line":3,"column":0},"end":{"line":11,"column":40}},"2":{"start":{"line":13,"column":0},"end":{"line":96,"column":2}},"3":{"start":{"line":14,"column":4},"end":{"line":14,"column":30}},"4":{"start":{"line":15,"column":4},"end":{"line":15,"column":26}},"5":{"start":{"line":16,"column":4},"end":{"line":17,"column":28}},"6":{"start":{"line":19,"column":4},"end":{"line":32,"column":5}},"7":{"start":{"line":20,"column":8},"end":{"line":21,"column":47}},"8":{"start":{"line":23,"column":8},"end":{"line":25,"column":11}},"9":{"start":{"line":24,"column":12},"end":{"line":24,"column":44}},"10":{"start":{"line":27,"column":8},"end":{"line":29,"column":31}},"11":{"start":{"line":28,"column":12},"end":{"line":28,"column":44}},"12":{"start":{"line":31,"column":8},"end":{"line":31,"column":76}},"13":{"start":{"line":34,"column":4},"end":{"line":34,"column":55}},"14":{"start":{"line":35,"column":4},"end":{"line":35,"column":49}},"15":{"start":{"line":37,"column":4},"end":{"line":95,"column":28}},"16":{"start":{"line":38,"column":8},"end":{"line":38,"column":51}},"17":{"start":{"line":40,"column":8},"end":{"line":94,"column":12}},"18":{"start":{"line":41,"column":12},"end":{"line":41,"column":39}},"19":{"start":{"line":43,"column":12},"end":{"line":46,"column":13}},"20":{"start":{"line":44,"column":16},"end":{"line":44,"column":65}},"21":{"start":{"line":45,"column":16},"end":{"line":45,"column":73}},"22":{"start":{"line":48,"column":12},"end":{"line":92,"column":16}},"23":{"start":{"line":49,"column":16},"end":{"line":49,"column":77}},"24":{"start":{"line":51,"column":16},"end":{"line":91,"column":23}},"25":{"start":{"line":53,"column":24},"end":{"line":53,"column":115}},"26":{"start":{"line":55,"column":24},"end":{"line":90,"column":27}},"27":{"start":{"line":56,"column":28},"end":{"line":56,"column":64}},"28":{"start":{"line":58,"column":28},"end":{"line":69,"column":95}},"29":{"start":{"line":71,"column":28},"end":{"line":79,"column":29}},"30":{"start":{"line":72,"column":32},"end":{"line":73,"column":63}},"31":{"start":{"line":75,"column":32},"end":{"line":75,"column":87}},"32":{"start":{"line":76,"column":32},"end":{"line":78,"column":33}},"33":{"start":{"line":77,"column":36},"end":{"line":77,"column":90}},"34":{"start":{"line":81,"column":28},"end":{"line":81,"column":82}},"35":{"start":{"line":83,"column":28},"end":{"line":89,"column":32}},"36":{"start":{"line":84,"column":32},"end":{"line":86,"column":80}},"37":{"start":{"line":88,"column":32},"end":{"line":88,"column":109}}},"branchMap":{"1":{"line":14,"type":"binary-expr","locations":[{"start":{"line":14,"column":4},"end":{"line":14,"column":11}},{"start":{"line":14,"column":16},"end":{"line":14,"column":28}}]},"2":{"line":15,"type":"binary-expr","locations":[{"start":{"line":15,"column":4},"end":{"line":15,"column":9}},{"start":{"line":15,"column":14},"end":{"line":15,"column":24}}]},"3":{"line":19,"type":"if","locations":[{"start":{"line":19,"column":4},"end":{"line":19,"column":4}},{"start":{"line":19,"column":4},"end":{"line":19,"column":4}}]},"4":{"line":19,"type":"binary-expr","locations":[{"start":{"line":19,"column":8},"end":{"line":19,"column":15}},{"start":{"line":19,"column":19},"end":{"line":19,"column":33}}]},"5":{"line":31,"type":"binary-expr","locations":[{"start":{"line":31,"column":17},"end":{"line":31,"column":27}},{"start":{"line":31,"column":32},"end":{"line":31,"column":74}}]},"6":{"line":31,"type":"cond-expr","locations":[{"start":{"line":31,"column":55},"end":{"line":31,"column":68}},{"start":{"line":31,"column":71},"end":{"line":31,"column":74}}]},"7":{"line":34,"type":"binary-expr","locations":[{"start":{"line":34,"column":4},"end":{"line":34,"column":27}},{"start":{"line":34,"column":32},"end":{"line":34,"column":53}}]},"8":{"line":35,"type":"binary-expr","locations":[{"start":{"line":35,"column":4},"end":{"line":35,"column":25}},{"start":{"line":35,"column":30},"end":{"line":35,"column":47}}]},"9":{"line":40,"type":"cond-expr","locations":[{"start":{"line":40,"column":41},"end":{"line":40,"column":62}},{"start":{"line":40,"column":65},"end":{"line":40,"column":72}}]},"10":{"line":43,"type":"if","locations":[{"start":{"line":43,"column":12},"end":{"line":43,"column":12}},{"start":{"line":43,"column":12},"end":{"line":43,"column":12}}]},"11":{"line":45,"type":"binary-expr","locations":[{"start":{"line":45,"column":16},"end":{"line":45,"column":36}},{"start":{"line":45,"column":41},"end":{"line":45,"column":71}}]},"12":{"line":49,"type":"binary-expr","locations":[{"start":{"line":49,"column":41},"end":{"line":49,"column":58}},{"start":{"line":49,"column":62},"end":{"line":49,"column":65}}]},"13":{"line":53,"type":"binary-expr","locations":[{"start":{"line":53,"column":41},"end":{"line":53,"column":53}},{"start":{"line":53,"column":57},"end":{"line":53,"column":77}},{"start":{"line":53,"column":81},"end":{"line":53,"column":108}},{"start":{"line":53,"column":112},"end":{"line":53,"column":114}}]},"14":{"line":56,"type":"binary-expr","locations":[{"start":{"line":56,"column":28},"end":{"line":56,"column":40}},{"start":{"line":56,"column":45},"end":{"line":56,"column":62}}]},"15":{"line":63,"type":"binary-expr","locations":[{"start":{"line":63,"column":51},"end":{"line":63,"column":68}},{"start":{"line":63,"column":72},"end":{"line":63,"column":74}}]},"16":{"line":64,"type":"binary-expr","locations":[{"start":{"line":64,"column":50},"end":{"line":64,"column":73}},{"start":{"line":64,"column":77},"end":{"line":64,"column":79}}]},"17":{"line":67,"type":"binary-expr","locations":[{"start":{"line":67,"column":46},"end":{"line":67,"column":62}},{"start":{"line":67,"column":66},"end":{"line":67,"column":68}}]},"18":{"line":68,"type":"binary-expr","locations":[{"start":{"line":68,"column":62},"end":{"line":68,"column":82}},{"start":{"line":68,"column":86},"end":{"line":68,"column":97}}]},"19":{"line":71,"type":"if","locations":[{"start":{"line":71,"column":28},"end":{"line":71,"column":28}},{"start":{"line":71,"column":28},"end":{"line":71,"column":28}}]},"20":{"line":76,"type":"if","locations":[{"start":{"line":76,"column":32},"end":{"line":76,"column":32}},{"start":{"line":76,"column":32},"end":{"line":76,"column":32}}]},"21":{"line":81,"type":"binary-expr","locations":[{"start":{"line":81,"column":28},"end":{"line":81,"column":44}},{"start":{"line":81,"column":49},"end":{"line":81,"column":80}}]}},"code":["'use strict';","","var path = require('path'),","    bemConfig = require('bem-config'),","    scheme = require('bem-fs-scheme'),","    bemNaming = require('bem-naming'),","    braceExpansion = require('brace-expansion'),","    createEntity = require('./create-entity'),","    getTemplate = require('./template'),","    uniq = require('uniq'),","    Promise = require('pinkie-promise');","","module.exports = function create(entities, levels, techs, options) {","    options || (options = {});","    techs || (techs = []);","    var config = bemConfig(options),","        cwd = process.cwd();","","    if (!levels || !levels.length) {","        var levelsMap = config.levelMapSync(),","            levelList = Object.keys(levelsMap);","","        var defaultLevels = levelList.filter(function(level) {","            return levelsMap[level].default;","        });","","        var levelByCwd = levelList.filter(function(level) {","            return cwd.indexOf(level) === 0;","        }).sort().reverse()[0];","","        levels = levelByCwd || (defaultLevels.length ? defaultLevels : cwd);","    }","","    Array.isArray(entities) || (entities = [entities]);","    Array.isArray(levels) || (levels = [levels]);","","    return Promise.all(entities.map(function(input) {","        var isFileGlob = typeof input === 'string';","","        return Promise.all((isFileGlob ? braceExpansion(input) : [input]).map(function(filepathOrInput) {","            var currentLevels = levels;","","            if (typeof filepathOrInput === 'string'){","                var currentLevel = path.dirname(filepathOrInput);","                currentLevel !== '.' && (currentLevels = [currentLevel]);","            }","","            return Promise.all(currentLevels.map(function(relLevel) {","                var level = path.resolve(config.rootSync() || cwd, relLevel);","","                return config.module('bem-tools')","                    .then(function(bemToolsConf) {","                        var pluginConf = bemToolsConf && bemToolsConf.plugins && bemToolsConf.plugins.create || {};","","                        return config.level(level).then(function(levelOptions) {","                            levelOptions || (levelOptions = {});","","                            var namingOpts = levelOptions.naming,","                                levelScheme = levelOptions.scheme,","                                buildPath = scheme(levelScheme).path,","                                entity = filepathOrInput,","","                                pluginConfLevels = pluginConf.levels || {},","                                pluginConfLevel = pluginConfLevels[level] || {},","                                pluginConfLevelTechs = pluginConfLevel.techs,","","                                pluginTechs = pluginConf.techs || [],","                                currentTechs = uniq([].concat(pluginConfLevelTechs || pluginTechs, techs)),","                                templatesOpts = Object.assign({}, pluginConf, pluginConfLevel);","","                            if (isFileGlob) {","                                var file = path.basename(filepathOrInput),","                                    splitted = file.split('.');","","                                entity = bemNaming(namingOpts).parse(splitted.shift());","                                if (splitted.join('.')) {","                                    currentTechs = uniq(techs.concat(splitted.join('.')));","                                }","                            }","","                            options.onlyTech && (currentTechs = options.onlyTech);","","                            return Promise.all(currentTechs.map(function(tech) {","                                var pathToFile = buildPath(entity, tech, { naming: namingOpts }),","                                    absPathToFile = path.join(path.resolve(level), pathToFile),","                                    template = getTemplate(tech, templatesOpts);","","                                return createEntity(entity, absPathToFile, template, { naming: namingOpts });","                            }));","                        });","                    });","            }));","","        }));","    })).then(function() {});","};",""],"l":{"3":1,"13":1,"14":0,"15":0,"16":0,"19":0,"20":0,"23":0,"24":0,"27":0,"28":0,"31":0,"34":0,"35":0,"37":0,"38":0,"40":0,"41":0,"43":0,"44":0,"45":0,"48":0,"49":0,"51":0,"53":0,"55":0,"56":0,"58":0,"71":0,"72":0,"75":0,"76":0,"77":0,"81":0,"83":0,"84":0,"88":0}},"/home/travis/build/npmtest/node-npmtest-bem/node_modules/bem-config/index.js":{"path":"/home/travis/build/npmtest/node-npmtest-bem/node_modules/bem-config/index.js","s":{"1":1,"2":1,"3":0,"4":0,"5":1,"6":0,"7":0,"8":0,"9":0,"10":0,"11":0,"12":0,"13":0,"14":0,"15":0,"16":0,"17":0,"18":0,"19":0,"20":0,"21":0,"22":0,"23":0,"24":0,"25":1,"26":0,"27":0,"28":0,"29":0,"30":0,"31":1,"32":0,"33":0,"34":1,"35":0,"36":0,"37":0,"38":1,"39":0,"40":0,"41":0,"42":0,"43":0,"44":0,"45":0,"46":0,"47":1,"48":0,"49":0,"50":0,"51":0,"52":0,"53":0,"54":0,"55":0,"56":0,"57":1,"58":0,"59":0,"60":0,"61":1,"62":0,"63":0,"64":0,"65":0,"66":1,"67":0,"68":1,"69":0,"70":1,"71":0,"72":0,"73":0,"74":0,"75":0,"76":0,"77":0,"78":1,"79":0,"80":0,"81":0,"82":0,"83":0,"84":0,"85":0,"86":1,"87":0,"88":0,"89":1,"90":0,"91":0,"92":0,"93":0,"94":1,"95":0,"96":0,"97":0,"98":0,"99":0,"100":0,"101":0,"102":0,"103":0,"104":0,"105":0,"106":0,"107":0,"108":0,"109":0,"110":0,"111":1,"112":0},"b":{"1":[0,0],"2":[0,0],"3":[0,0],"4":[0,0],"5":[0,0],"6":[0,0],"7":[0,0],"8":[0,0],"9":[0,0],"10":[0,0],"11":[0,0],"12":[0,0],"13":[0,0],"14":[0,0],"15":[0,0],"16":[0,0],"17":[0,0],"18":[0,0],"19":[0,0],"20":[0,0],"21":[0,0],"22":[0,0],"23":[0,0],"24":[0,0],"25":[0,0],"26":[0,0],"27":[0,0]},"f":{"1":0,"2":0,"3":0,"4":0,"5":0,"6":0,"7":0,"8":0,"9":0,"10":0,"11":0,"12":0,"13":0,"14":0,"15":0,"16":0,"17":0,"18":0,"19":0,"20":0,"21":0,"22":0,"23":0,"24":0,"25":0,"26":0,"27":0,"28":0,"29":0,"30":0,"31":0,"32":0,"33":0,"34":0,"35":0,"36":0,"37":0},"fnMap":{"1":{"name":"BemConfig","line":18,"loc":{"start":{"line":18,"column":0},"end":{"line":18,"column":28}}},"2":{"name":"(anonymous_2)","line":31,"loc":{"start":{"line":31,"column":30},"end":{"line":31,"column":47}}},"3":{"name":"(anonymous_3)","line":55,"loc":{"start":{"line":55,"column":30},"end":{"line":55,"column":56}}},"4":{"name":"(anonymous_4)","line":56,"loc":{"start":{"line":56,"column":31},"end":{"line":56,"column":48}}},"5":{"name":"(anonymous_5)","line":64,"loc":{"start":{"line":64,"column":78},"end":{"line":64,"column":93}}},"6":{"name":"(anonymous_6)","line":70,"loc":{"start":{"line":70,"column":12},"end":{"line":70,"column":42}}},"7":{"name":"(anonymous_7)","line":71,"loc":{"start":{"line":71,"column":40},"end":{"line":71,"column":58}}},"8":{"name":"(anonymous_8)","line":72,"loc":{"start":{"line":72,"column":51},"end":{"line":72,"column":68}}},"9":{"name":"(anonymous_9)","line":73,"loc":{"start":{"line":73,"column":43},"end":{"line":73,"column":61}}},"10":{"name":"(anonymous_10)","line":87,"loc":{"start":{"line":87,"column":27},"end":{"line":87,"column":38}}},"11":{"name":"(anonymous_11)","line":93,"loc":{"start":{"line":93,"column":31},"end":{"line":93,"column":42}}},"12":{"name":"(anonymous_12)","line":102,"loc":{"start":{"line":102,"column":26},"end":{"line":102,"column":37}}},"13":{"name":"(anonymous_13)","line":103,"loc":{"start":{"line":103,"column":31},"end":{"line":103,"column":49}}},"14":{"name":"(anonymous_14)","line":113,"loc":{"start":{"line":113,"column":28},"end":{"line":113,"column":50}}},"15":{"name":"(anonymous_15)","line":117,"loc":{"start":{"line":117,"column":14},"end":{"line":117,"column":32}}},"16":{"name":"(anonymous_16)","line":131,"loc":{"start":{"line":131,"column":30},"end":{"line":131,"column":48}}},"17":{"name":"(anonymous_17)","line":132,"loc":{"start":{"line":132,"column":27},"end":{"line":132,"column":44}}},"18":{"name":"(anonymous_18)","line":149,"loc":{"start":{"line":149,"column":31},"end":{"line":149,"column":42}}},"19":{"name":"(anonymous_19)","line":152,"loc":{"start":{"line":152,"column":27},"end":{"line":152,"column":44}}},"20":{"name":"(anonymous_20)","line":156,"loc":{"start":{"line":156,"column":40},"end":{"line":156,"column":58}}},"21":{"name":"(anonymous_21)","line":157,"loc":{"start":{"line":157,"column":47},"end":{"line":157,"column":68}}},"22":{"name":"(anonymous_22)","line":158,"loc":{"start":{"line":158,"column":45},"end":{"line":158,"column":65}}},"23":{"name":"(anonymous_23)","line":162,"loc":{"start":{"line":162,"column":17},"end":{"line":162,"column":37}}},"24":{"name":"(anonymous_24)","line":175,"loc":{"start":{"line":175,"column":29},"end":{"line":175,"column"
[...]
"end":{"line":161,"column":12}}]},"23":{"line":162,"type":"if","locations":[{"start":{"line":162,"column":12},"end":{"line":162,"column":12}},{"start":{"line":162,"column":12},"end":{"line":162,"column":12}}]},"24":{"line":165,"type":"if","locations":[{"start":{"line":165,"column":8},"end":{"line":165,"column":8}},{"start":{"line":165,"column":8},"end":{"line":165,"column":8}}]},"25":{"line":166,"type":"if","locations":[{"start":{"line":166,"column":8},"end":{"line":166,"column":8}},{"start":{"line":166,"column":8},"end":{"line":166,"column":8}}]},"26":{"line":250,"type":"binary-expr","locations":[{"start":{"line":250,"column":4},"end":{"line":250,"column":11}},{"start":{"line":250,"column":16},"end":{"line":250,"column":28}}]},"27":{"line":252,"type":"if","locations":[{"start":{"line":252,"column":4},"end":{"line":252,"column":4}},{"start":{"line":252,"column":4},"end":{"line":252,"column":4}}]},"28":{"line":255,"type":"if","locations":[{"start":{"line":255,"column":8},"end":{"line":255,"column":8}},{"start":{"line":255,"column":8},"end":{"line":255,"column":8}}]},"29":{"line":265,"type":"binary-expr","locations":[{"start":{"line":265,"column":14},"end":{"line":265,"column":25}},{"start":{"line":265,"column":29},"end":{"line":265,"column":46}}]},"30":{"line":269,"type":"binary-expr","locations":[{"start":{"line":269,"column":18},"end":{"line":269,"column":30}},{"start":{"line":269,"column":34},"end":{"line":269,"column":52}}]},"31":{"line":270,"type":"cond-expr","locations":[{"start":{"line":271,"column":18},"end":{"line":271,"column":41}},{"start":{"line":272,"column":18},"end":{"line":275,"column":17}}]},"32":{"line":273,"type":"binary-expr","locations":[{"start":{"line":273,"column":26},"end":{"line":273,"column":34}},{"start":{"line":273,"column":38},"end":{"line":273,"column":59}}]},"33":{"line":274,"type":"binary-expr","locations":[{"start":{"line":274,"column":25},"end":{"line":274,"column":32}},{"start":{"line":274,"column":36},"end":{"line":274,"column":44}},{"start":{"line":274,"column":48},"end":{"line":274,"column":68}}]},"34":{"line":277,"type":"binary-expr","locations":[{"start":{"line":277,"column":21},"end":{"line":277,"column":40}},{"start":{"line":277,"column":44},"end":{"line":277,"column":64}}]},"35":{"line":313,"type":"if","locations":[{"start":{"line":313,"column":0},"end":{"line":313,"column":0},"skip":true},{"start":{"line":313,"column":0},"end":{"line":313,"column":0}}]},"36":{"line":320,"type":"if","locations":[{"start":{"line":320,"column":0},"end":{"line":320,"column":0},"skip":true},{"start":{"line":320,"column":0},"end":{"line":320,"column":0}}]},"37":{"line":329,"type":"if","locations":[{"start":{"line":329,"column":0},"end":{"line":329,"column":0},"skip":true},{"start":{"line":329,"column":0},"end":{"line":329,"column":0}}]},"38":{"line":337,"type":"binary-expr","locations":[{"start":{"line":337,"column":0},"end":{"line":337,"column":14},"skip":true},{"start":{"line":337,"column":19},"end":{"line":337,"column":50},"skip":true}]},"39":{"line":338,"type":"cond-expr","locations":[{"start":{"line":338,"column":35},"end":{"line":338,"column":41}},{"start":{"line":338,"column":44},"end":{"line":338,"column":50}}]}},"code":["'use strict';","","(function (global) {","/**"," * Enum for types of BEM entities."," *"," * @readonly"," * @enum {String}"," */","var TYPES = {","    BLOCK:     'block',","    BLOCK_MOD: 'blockMod',","    ELEM:      'elem',","    ELEM_MOD:  'elemMod'","};","","/**"," * Defines which symbols can be used for block, element and modifier's names."," * @readonly"," */","var WORD_PATTERN = '[a-zA-Z0-9]+(?:-[a-zA-Z0-9]+)*';","","/**"," * Presets of options for various naming."," * @readonly"," */","var presets = {","    origin: {","        delims: {","            elem: '__',","            mod: { name: '_', val: '_' }","        },","        wordPattern: WORD_PATTERN","    },","    'two-dashes': {","        delims: {","            elem: '__',","            mod: { name: '--', val: '_' }","        },","        wordPattern: WORD_PATTERN","    }","};","","/**"," * It is necessary not to create new instances for the same custom naming."," * @readonly"," */","var cache = {};","","/**"," * Creates namespace with methods which allows getting information about BEM entity using string as well"," * as forming string representation based on naming object."," *"," * @param {Object} [options]              Options."," * @param {String} [options.elem=__]      Separates element's name from block."," * @param {String|Object} [options.mod=_] Separates modifiers from blocks and elements."," * @param {String} [options.mod.name=_]   Separates name of modifier from blocks and elements."," * @param {String} [options.mod.val=_]    Separates value of modifier from name of modifier."," * @param {String} [options.wordPattern]  Defines which symbols can be used for block, element and modifier's names."," * @return {Object}"," */","function createNaming(options) {","    var opts = init(options),","        id = JSON.stringify(opts);","","    if (cache[id]) {","        return cache[id];","    }","","    var delims = opts.delims,","        regex = buildRegex(delims, opts.wordPattern);","","    /**","     * Checks a string to be valid BEM notation.","     *","     * @param {String} str - String representation of BEM entity.","     * @returns {Boolean}","     */","    function validate(str) {","        return regex.test(str);","    }","","    /**","     * Parses string into naming object.","     *","     * @param {String} str - string representation of BEM entity.","     * @returns {Object|undefined}","     */","    function parse(str) {","        var executed = regex.exec(str);","","        if (!executed) { return undefined; }","","        var notation = {","                block: executed[1] || executed[4]","            },","            elem = executed[5],","            modName = executed[2] || executed[6];","","        elem && (notation.elem = elem);","","        if (modName) {","            var modVal = executed[3] || executed[7];","","            notation.modName = modName;","            notation.modVal = modVal || true;","        }","","        return notation;","    }","","    /**","     * Forms a string according to naming object.","     *","     * @param {Object} obj - naming object","     * @returns {String}","     */","    function stringify(obj) {","        if (!obj || !obj.block) {","            return undefined;","        }","","        var res = obj.block;","","        if (obj.elem) {","            res += delims.elem + obj.elem;","        }","","        if (obj.modName) {","            var modVal = obj.modVal;","","            if (modVal || modVal === 0 || !obj.hasOwnProperty('modVal')) {","                res += delims.mod.name + obj.modName;","            }","","            if (modVal && modVal !== true) {","                res += delims.mod.val + modVal;","            }","        }","","        return res;","    }","","    /**","     * Returns a string indicating type of a BEM entity.","     *","     * @param {Object|String|undefined} obj - naming object or string representation of BEM entity.","     * @returns {String}","     */","    function typeOf(obj) {","        if (typeof obj === 'string') {","            obj = parse(obj);","        }","","        if (!obj || !obj.block) { return undefined; }","","        var modName = obj.modName,","            isMod = modName && (obj.modVal || !obj.hasOwnProperty('modVal'));","","        if (obj.elem) {","            if (isMod)    { return TYPES.ELEM_MOD; }","            if (!modName) { return TYPES.ELEM;     }","        }","","        if (isMod)    { return TYPES.BLOCK_MOD; }","        if (!modName) { return TYPES.BLOCK;     }","    }","","    /**","     * Checks whether naming object or string is a block.","     *","     * @param {Object|String} obj - naming object or string representation of BEM entity.","     * @returns {Boolean}","     */","    function isBlock(obj) {","        return typeOf(obj) === TYPES.BLOCK;","    }","","    /**","     * Checks whether naming object or string is modifier of a block.","     *","     * @param {Object|String} obj - naming object or string representation of BEM entity.","     * @returns {Boolean}","     */","    function isBlockMod(obj) {","        return typeOf(obj) === TYPES.BLOCK_MOD;","    }","","    /**","     * Checks whether naming object or string is element of a block.","     *","     * @param {Object|String} obj - naming object or string representation of BEM entity.","     * @returns {Boolean}","     */","    function isElem(obj) {","        return typeOf(obj) === TYPES.ELEM;","    }","","    /**","     * Checks whether naming object or string is element of a block.","     *","     * @param {Object|String} obj - naming object or string representation of BEM entity.","     * @returns {Boolean}","     */","    function isElemMod(obj) {","        return typeOf(obj) === TYPES.ELEM_MOD;","    }","","    var namespace = {","        validate: validate,","        typeOf: typeOf,","        isBlock: isBlock,","        isBlockMod: isBlockMod,","        isElem: isElem,","        isElemMod: isElemMod,","        parse: parse,","        stringify: stringify,","        /**","         * String to separate elem from block.","         *","         * @type {String}","         */","        elemDelim: delims.elem,","        /**","         * String to separate modifiers from blocks and elements.","         *","         * @type {String}","         */","        modDelim: delims.mod.name,","        /**","         * String to separate value of modifier from name of modifier.","         *","         * @type {String}","         */","        modValDelim: delims.mod.val","    };","","    cache[id] = namespace;","","    return namespace;","}","","/**"," * Returns delims and wordPattern."," *"," * @param {Object} options - user options"," * @returns {{delims: Object, wordPattern: String}}"," */","function init(options) {","    options || (options = {});","","    if (typeof options === 'string') {","        var preset = presets[options];","","        if (!preset) {","            throw new Error('The `' + options + '` naming is unknown.');","        }","","        return preset;","    }","","    var defaults = presets.origin,","        defaultDelims = defaults.delims,","        defaultModDelims = defaultDelims.mod,","        mod = options.mod || defaultDelims.mod;","","    return {","        delims: {","            elem: options.elem || defaultDelims.elem,","            mod: typeof mod === 'string'","                ? { name: mod, val: mod }","                : {","                    name: mod.name || defaultModDelims.name,","                    val: mod.val || mod.name || defaultModDelims.val","                }","        },","        wordPattern: options.wordPattern || defaults.wordPattern","    };","}","","/**"," * Builds regex for specified naming."," *"," * @param {Object} delims      Separates block names, elements and modifiers."," * @param {String} wordPattern Defines which symbols can be used for block, element and modifier's names."," * @returns {RegExp}"," */","function buildRegex(delims, wordPattern) {","    var block = '(' + wordPattern + ')',","        elem = '(?:' + delims.elem + '(' + wordPattern + '))?',","        modName = '(?:' + delims.mod.name + '(' + wordPattern + '))?',","        modVal = '(?:' + delims.mod.val + '(' + wordPattern + '))?',","        mod = modName + modVal;","","    return new RegExp('^' + block + mod + '$|^' + block + elem + mod + '$');","}","","var defineAsGlobal = true,","    api = [","        'validate', 'typeOf',","        'isBlock', 'isBlockMod', 'isElem', 'isElemMod',","        'parse', 'stringify',","        'elemDelim', 'modDelim', 'modValDelim'","    ],","    originalNaming = createNaming();","","api.forEach(function (name) {","    createNaming[name] = originalNaming[name];","});","","// Node.js","/* istanbul ignore if */","if (typeof exports === 'object') {","    module.exports = createNaming;","    defineAsGlobal = false;","}","","// YModules","/* istanbul ignore if */","if (typeof modules === 'object') {","    modules.define('bem-naming', function (provide) {","        provide(createNaming);","    });","    defineAsGlobal = false;","}","","// AMD","/* istanbul ignore if */","if (typeof define === 'function') {","    define(function (require, exports, module) {","        module.exports = createNaming;","    });","    defineAsGlobal = false;","}","","/* istanbul ignore next */","defineAsGlobal && (global.bemNaming = createNaming);","})(typeof window !== 'undefined' ? window : global);",""],"l":{"3":1,"10":1,"21":1,"27":1,"48":1,"62":1,"63":1,"66":1,"67":0,"70":1,"79":1,"80":0,"89":1,"90":0,"92":0,"94":0,"100":0,"102":0,"103":0,"105":0,"106":0,"109":0,"118":1,"119":0,"120":0,"123":0,"125":0,"126":0,"129":0,"130":0,"132":0,"133":0,"136":0,"137":0,"141":0,"150":1,"151":0,"152":0,"155":0,"157":0,"160":0,"161":0,"162":0,"165":0,"166":0,"175":1,"176":0,"185":1,"186":0,"195":1,"196":0,"205":1,"206":0,"209":1,"238":1,"240":1,"249":1,"250":1,"252":1,"253":0,"255":0,"256":0,"259":0,"262":1,"267":1,"288":1,"289":1,"295":1,"298":1,"307":1,"308":11,"313":1,"314":1,"315":1,"320":1,"321":1,"322":1,"324":1,"329":1,"330":1,"331":1,"333":1,"337":1}},"/home/travis/build/npmtest/node-npmtest-bem/node_modules/bem-tools-create/lib/create-entity.js":{"path":"/home/travis/build/npmtest/node-npmtest-bem/node_modules/bem-tools-create/lib/create-entity.js","s":{"1":1,"2":1,"3":0,"4":0,"5":0,"6":0,"7":0,"8":0,"9":0,"10":0,"11":0},"b":{"1":[0,0],"2":[0,0],"3":[0,0]},"f":{"1":0,"2":0,"3":0,"4":0,"5":0},"fnMap":{"1":{"name":"(anonymous_1)","line":9,"loc":{"start":{"line":9,"column":17},"end":{"line":9,"column":63}}},"2":{"name":"(anonymous_2)","line":10,"loc":{"start":{"line":10,"column":23},"end":{"line":10,"column":49}}},"3":{"name":"(anonymous_3)","line":11,"loc":{"start":{"line":11,"column":28},"end":{"line":11,"column":45}}},"4":{"name":"(anonymous_4)","line":14,"loc":{"start":{"line":14,"column":43},"end":{"line":14,"column":57}}},"5":{"name":"(anonymous_5)","line":17,"loc":{"start":{"line":17,"column":84},"end":{"line":17,"column":98}}}},"statementMap":{"1":{"start":{"line":3,"column":0},"end":{"line":7,"column":31}},"2":{"start":{"line":9,"column":0},"end":{"line":23,"column":2}},"3":{"start":{"line":10,"column":4},"end":{"line":22,"column":7}},"4":{"start":{"line":11,"column":8},"end":{"line":21,"column":11}},"5":{"start":{"line":12,"column":12},"end":{"line":12,"column":41}},"6":{"start":{"line":12,"column":24},"end":{"line":12,"column":41}},"7":{"start":{"line":14,"column":12},"end":{"line":20,"column":15}},"8":{"start":{"line":15,"column":16},"end":{"line":15,"column":44}},"9":{"start":{"line":15,"column":25},"end":{"line":15,"column":44}},"10":{"start":{"line":17,"column":16},"end":{"line":19,"column":19}},"11":{"start":{"line":18,"column":20},"end":{"line":18,"column":50}}},"branchMap":{"1":{"line":12,"type":"if","locations":[{"start":{"line":12,"column":12},"end":{"line":12,"column":12}},{"start":{"line":12,"column":12},"end":{"line":12,"column":12}}]},"2":{"line":15,"type":"if","locations":[{"start":{"line":15,"column":16},"end":{"line":15,"column":16}},{"start":{"line":15,"column":16},"end":{"line":15,"column":16}}]},"3":{"line":18,"type":"cond-expr","locations":[{"start":{"line":18,"column":26},"end":{"line":18,"column":37}},{"start":{"line":18,"column":40},"end":{"line":18,"column":49}}]}},"code":["'use strict';","","var fs = require('fs'),","    path = require('path'),","    bemNaming = require('bem-naming'),","    Promise = require('pinkie-promise'),","    mkdirp = require('mkdirp');","","module.exports = function(entity, fileName, template, options) {","    return new Promise(function(resolve, reject) {","        fs.exists(fileName, function(exists) {","            if (exists) return resolve();","","            mkdirp(path.dirname(fileName), function(err) {","                if (err) return reject(err);","","                fs.writeFile(fileName, template(entity, bemNaming(options.naming)), function(err) {","                    err ? reject(err) : resolve();","                });","            });","        });","    });","};",""],"l":{"3":1,"9":1,"10":0,"11":0,"12":0,"14":0,"15":0,"17":0,"18":0}},"/home/travis/build/npmtest/node-npmtest-bem/node_modules/bem-tools-create/lib/template.js":{"path":"/home/travis/build/npmtest/node-npmtest-bem/node_modules/bem-tools-create/lib/template.js","s":{"1":1,"2":1,"3":0,"4":1,"5":0,"6":0,"7":0,"8":0,"9":0,"10":0,"11":0,"12":0,"13":0},"b":{"1":[0,0,0],"2":[0,0],"3":[0,0],"4":[0,0],"5":[0,0],"6":[0,0]},"f":{"1":0,"2":0},"fnMap":{"1":{"name":"defaultTemplate","line":6,"loc":{"start":{"line":6,"column":0},"end":{"line":6,"column":27}}},"2":{"name":"getTemplate","line":10,"loc":{"start":{"line":10,"column":17},"end":{"line":10,"column":53}}}},"statementMap":{"1":{"start":{"line":3,"column":0},"end":{"line":4,"column":27}},"2":{"start":{"line":6,"column":0},"end":{"line":8,"column":1}},"3":{"start":{"line":7,"column":4},"end":{"line":7,"column":14}},"4":{"start":{"line":10,"column":0},"end":{"line":30,"column":2}},"5":{"start":{"line":11,"column":4},"end":{"line":14,"column":60}},"6":{"start":{"line":16,"column":4},"end":{"line":16,"column":60}},"7":{"start":{"line":18,"column":4},"end":{"line":27,"column":5}},"8":{"start":{"line":19,"column":8},"end":{"line":26,"column":9}},"9":{"start":{"line":20,"column":12},"end":{"line":20,"column":83}},"10":{"start":{"line":22,"column":12},"end":{"line":25,"column":13}},"11":{"start":{"line":23,"column":16},"end":{"line":23,"column":52}},"12":{"start":{"line":24,"column":16},"end":{"line":24,"column":22}},"13":{"start":{"line":29,"column":4},"end":{"line":29,"column":66}}},"branchMap":{"1":{"line":12,"type":"binary-expr","locations":[{"start":{"line":12,"column":18},"end":{"line":12,"column":40}},{"start":{"line":12,"column":44},"end":{"line":12,"column":72}},{"start":{"line":12,"column":77},"end":{"line":12,"column":81}}]},"2":{"line":13,"type":"binary-expr","locations":[{"start":{"line":13,"column":23},"end":{"line":13,"column":40}},{"start":{"line":13,"column":44},"end":{"line":13,"column":69}}]},"3":{"line":16,"type":"binary-expr","locations":[{"start":{"line":16,"column":4},"end":{"line":16,"column":18}},{"start":{"line":16,"column":22},"end":{"line":16,"column":59}}]},"4":{"line":18,"type":"if","locations":[{"start":{"line":18,"column":4},"end":{"line":18,"column":4}},{"start":{"line":18,"column":4},"end":{"line":18,"column":4}}]},"5":{"line":22,"type":"if","locations":[{"start":{"line":22,"column":12},"end":{"line":22,"column":12}},{"start":{"line":22,"column":12},"end":{"line":22,"column":12}}]},"6":{"line":29,"type":"cond-expr","locations":[{"start":{"line":29,"column":26},"end":{"line":29,"column":47}},{"start":{"line":29,"column":50},"end":{"line":29,"column":65}}]}},"code":["'use strict';","","var fs = require('fs'),","    path = require('path');","","function defaultTemplate() {","    return '';","}","","module.exports = function getTemplate(tech, options) {","    var templateFolder = options.templateFolder,","        techId = (options.techsTemplates && options.techsTemplates[tech]) || tech,","        templatePath = options.templates && options.templates[techId],","        possiblePaths = [path.join(__dirname, 'templates')];","","    templateFolder && possiblePaths.unshift(templateFolder);","","    if (!templatePath) {","        for (var i = 0; i < possiblePaths.length; i++) {","            var possibleTemplatePath = path.join(possiblePaths[i], techId + '.js');","","            if (fs.existsSync(possibleTemplatePath)) {","                templatePath = possibleTemplatePath;","                break;","            }","        }","    }","","    return templatePath ? require(templatePath) : defaultTemplate;","};",""],"l":{"3":1,"6":1,"7":0,"10":1,"11":0,"16":0,"18":0,"19":0,"20":0,"22":0,"23":0,"24":0,"29":0}}}